<html>
<head>
<title>TestNG:  Sonar Wallet Test Cases</title>
<link href="../testng.css" rel="stylesheet" type="text/css" />
<link href="../my-testng.css" rel="stylesheet" type="text/css" />

<style type="text/css">
.log { display: none;} 
.stack-trace { display: none;} 
</style>
<script type="text/javascript">
<!--
function flip(e) {
  current = e.style.display;
  if (current == 'block') {
    e.style.display = 'none';
    return 0;
  }
  else {
    e.style.display = 'block';
    return 1;
  }
}

function toggleBox(szDivId, elem, msg1, msg2)
{
  var res = -1;  if (document.getElementById) {
    res = flip(document.getElementById(szDivId));
  }
  else if (document.all) {
    // this is the way old msie versions work
    res = flip(document.all[szDivId]);
  }
  if(elem) {
    if(res == 0) elem.innerHTML = msg1; else elem.innerHTML = msg2;
  }

}

function toggleAllBoxes() {
  if (document.getElementsByTagName) {
    d = document.getElementsByTagName('div');
    for (i = 0; i < d.length; i++) {
      if (d[i].className == 'log') {
        flip(d[i]);
      }
    }
  }
}

// -->
</script>

</head>
<body>
<h2 align='center'>Sonar Wallet Test Cases</h2><table border='1' align="center">
<tr>
<td>Tests passed/Failed/Skipped:</td><td>45/0/3</td>
</tr><tr>
<td>Started on:</td><td>Thu Mar 16 17:07:00 PKT 2023</td>
</tr>
<tr><td>Total time:</td><td>2357 seconds (2357348 ms)</td>
</tr><tr>
<td>Included groups:</td><td></td>
</tr><tr>
<td>Excluded groups:</td><td></td>
</tr>
</table><p/>
<small><i>(Hover the method name to see the test class name)</i></small><p/>
<table width='100%' border='1' class='invocation-passed'>
<tr><td colspan='4' align='center'><b>PASSED TESTS</b></td></tr>
<tr><td><b>Test method</b></td>
<td width="30%"><b>Exception</b></td>
<td width="10%"><b>Time (seconds)</b></td>
<td><b>Instance</b></td>
</tr>
<tr>
<td title='com.sonarwallet.qa.testcases.ImportWalletTest.TestCase6()'><b>TestCase6</b><br>Test class: com.sonarwallet.qa.testcases.ImportWalletTest<br>Test method: Test Case Description: Import Wallet with Wrong seed phrase</td>
<td></td>
<td>8</td>
<td>com.sonarwallet.qa.testcases.ImportWalletTest@1e0b4072</td></tr>
<tr>
<td title='com.sonarwallet.qa.testcases.ManageWalletTest.TestCase32()'><b>TestCase32</b><br>Test class: com.sonarwallet.qa.testcases.ManageWalletTest<br>Test method: Test Case Description: Update account name in setting</td>
<td></td>
<td>1</td>
<td>com.sonarwallet.qa.testcases.ManageWalletTest@6c1a5b54</td></tr>
<tr>
<td title='com.sonarwallet.qa.testcases.CreateNewWalletTest.CreateNewWalletHappyFlow()'><b>CreateNewWalletHappyFlow</b><br>Test class: com.sonarwallet.qa.testcases.CreateNewWalletTest</td>
<td></td>
<td>7</td>
<td>com.sonarwallet.qa.testcases.CreateNewWalletTest@6574a52c</td></tr>
<tr>
<td title='com.sonarwallet.qa.testcases.SettingTest.TestCase27()'><b>TestCase27</b><br>Test class: com.sonarwallet.qa.testcases.SettingTest<br>Test method: Test Case Description:Verify the items on Setting Screen View</td>
<td></td>
<td>0</td>
<td>com.sonarwallet.qa.testcases.SettingTest@38cee291</td></tr>
<tr>
<td title='com.sonarwallet.qa.testcases.ManageWalletTest.TestCase37()'><b>TestCase37</b><br>Test class: com.sonarwallet.qa.testcases.ManageWalletTest<br>Test method: Test Case Description: Import Wallet in Setting</td>
<td></td>
<td>5</td>
<td>com.sonarwallet.qa.testcases.ManageWalletTest@6c1a5b54</td></tr>
<tr>
<td title='com.sonarwallet.qa.testcases.DirectSendTest.TestCase20_8()'><b>TestCase20_8</b><br>Test class: com.sonarwallet.qa.testcases.DirectSendTest<br>Test method: Test Case Description: Confirm transaction functionality for send(Avalanche Non Native Token)</td>
<td></td>
<td>55</td>
<td>com.sonarwallet.qa.testcases.DirectSendTest@4a883b15</td></tr>
<tr>
<td title='com.sonarwallet.qa.testcases.DirectSendTest.TestCase20_5()'><b>TestCase20_5</b><br>Test class: com.sonarwallet.qa.testcases.DirectSendTest<br>Test method: Test Case Description: Confirm transaction functionality for send(Polygon Native Token)</td>
<td></td>
<td>77</td>
<td>com.sonarwallet.qa.testcases.DirectSendTest@4a883b15</td></tr>
<tr>
<td title='com.sonarwallet.qa.testcases.EditTokenTest.TestCase17_with_BnB()'><b>TestCase17_with_BnB</b><br>Test class: com.sonarwallet.qa.testcases.EditTokenTest<br>Test method: Test Case Description: Add Custom BnB Token</td>
<td></td>
<td>41</td>
<td>com.sonarwallet.qa.testcases.EditTokenTest@4b45a2f5</td></tr>
<tr>
<td title='com.sonarwallet.qa.testcases.SendTest.TestCase19()'><b>TestCase19</b><br>Test class: com.sonarwallet.qa.testcases.SendTest<br>Test method: Test Case Description: Select recipient/addres functionality for send</td>
<td></td>
<td>20</td>
<td>com.sonarwallet.qa.testcases.SendTest@4dbb42b7</td></tr>
<tr>
<td title='com.sonarwallet.qa.testcases.EditTokenTest.TestCase16()'><b>TestCase16</b><br>Test class: com.sonarwallet.qa.testcases.EditTokenTest<br>Test method: Test Case Description: Edit Token List</td>
<td></td>
<td>87</td>
<td>com.sonarwallet.qa.testcases.EditTokenTest@4b45a2f5</td></tr>
<tr>
<td title='com.sonarwallet.qa.testcases.DirectSendTest.TestCase20_12()'><b>TestCase20_12</b><br>Test class: com.sonarwallet.qa.testcases.DirectSendTest<br>Test method: Test Case Description: Confirm transaction functionality for send(Fantom Non Native Token)</td>
<td></td>
<td>57</td>
<td>com.sonarwallet.qa.testcases.DirectSendTest@4a883b15</td></tr>
<tr>
<td title='com.sonarwallet.qa.testcases.DirectSendTest.TestCase20_9()'><b>TestCase20_9</b><br>Test class: com.sonarwallet.qa.testcases.DirectSendTest<br>Test method: Test Case Description: Confirm transaction functionality for send(Cronos Native Token)</td>
<td></td>
<td>42</td>
<td>com.sonarwallet.qa.testcases.DirectSendTest@4a883b15</td></tr>
<tr>
<td title='com.sonarwallet.qa.testcases.SendTest.TestCase18()'><b>TestCase18</b><br>Test class: com.sonarwallet.qa.testcases.SendTest<br>Test method: Test Case Description: Select token screen functionality for send</td>
<td></td>
<td>5</td>
<td>com.sonarwallet.qa.testcases.SendTest@4dbb42b7</td></tr>
<tr>
<td title='com.sonarwallet.qa.testcases.DirectSendTest.TestCase20_4()'><b>TestCase20_4</b><br>Test class: com.sonarwallet.qa.testcases.DirectSendTest<br>Test method: Test Case Description: Confirm transaction functionality for send(ETH Non Native Token)</td>
<td></td>
<td>161</td>
<td>com.sonarwallet.qa.testcases.DirectSendTest@4a883b15</td></tr>
<tr>
<td title='com.sonarwallet.qa.testcases.DashboardTest.TestCase10()'><b>TestCase10</b><br>Test class: com.sonarwallet.qa.testcases.DashboardTest<br>Test method: Test Case Description: Dashboard View</td>
<td></td>
<td>2</td>
<td>com.sonarwallet.qa.testcases.DashboardTest@791f145a</td></tr>
<tr>
<td title='com.sonarwallet.qa.testcases.ManageWalletTest.TestCase28()'><b>TestCase28</b><br>Test class: com.sonarwallet.qa.testcases.ManageWalletTest<br>Test method: Test Case Description: Verify the working of Manage Wallet in Setting</td>
<td></td>
<td>2</td>
<td>com.sonarwallet.qa.testcases.ManageWalletTest@6c1a5b54</td></tr>
<tr>
<td title='com.sonarwallet.qa.testcases.ManageWalletTest.TestCase35()'><b>TestCase35</b><br>Test class: com.sonarwallet.qa.testcases.ManageWalletTest<br>Test method: Test Case Description: Import Account in Setting</td>
<td></td>
<td>9</td>
<td>com.sonarwallet.qa.testcases.ManageWalletTest@6c1a5b54</td></tr>
<tr>
<td title='com.sonarwallet.qa.testcases.SendTest.TestCase40()'><b>TestCase40</b><br>Test class: com.sonarwallet.qa.testcases.SendTest<br>Test method: Test Case Description: Edit contact modal</td>
<td></td>
<td>8</td>
<td>com.sonarwallet.qa.testcases.SendTest@4dbb42b7</td></tr>
<tr>
<td title='com.sonarwallet.qa.testcases.CreateWalletTest.TestCase2_2()'><b>TestCase2_2</b><br>Test class: com.sonarwallet.qa.testcases.CreateWalletTest<br>Test method: Test Case Description: Signup/onboarding for New User With Null Password</td>
<td></td>
<td>4</td>
<td>com.sonarwallet.qa.testcases.CreateWalletTest@25641d39</td></tr>
<tr>
<td title='com.sonarwallet.qa.testcases.CreateNewWalletTest.TestCase38()'><b>TestCase38</b><br>Test class: com.sonarwallet.qa.testcases.CreateNewWalletTest<br>Test method: Test Case Description: Create new Wallet in Setting</td>
<td></td>
<td>9</td>
<td>com.sonarwallet.qa.testcases.CreateNewWalletTest@6574a52c</td></tr>
<tr>
<td title='com.sonarwallet.qa.testcases.ManageWalletTest.TestCase30()'><b>TestCase30</b><br>Test class: com.sonarwallet.qa.testcases.ManageWalletTest<br>Test method: Test Case Description: Reveal wallet secret phrase</td>
<td></td>
<td>2</td>
<td>com.sonarwallet.qa.testcases.ManageWalletTest@6c1a5b54</td></tr>
<tr>
<td title='com.sonarwallet.qa.testcases.CreateWalletTest.TestCase3()'><b>TestCase3</b><br>Test class: com.sonarwallet.qa.testcases.CreateWalletTest<br>Test method: Test Case Description: Create New Wallet</td>
<td></td>
<td>12</td>
<td>com.sonarwallet.qa.testcases.CreateWalletTest@25641d39</td></tr>
<tr>
<td title='com.sonarwallet.qa.testcases.ManageWalletTest.TestCase36()'><b>TestCase36</b><br>Test class: com.sonarwallet.qa.testcases.ManageWalletTest<br>Test method: Test Case Description: Create New Account Functionality</td>
<td></td>
<td>4</td>
<td>com.sonarwallet.qa.testcases.ManageWalletTest@6c1a5b54</td></tr>
<tr>
<td title='com.sonarwallet.qa.testcases.DirectSendTest.TestCase20_2()'><b>TestCase20_2</b><br>Test class: com.sonarwallet.qa.testcases.DirectSendTest<br>Test method: Test Case Description: Confirm transaction functionality for send(BNB Non Native Token)</td>
<td></td>
<td>91</td>
<td>com.sonarwallet.qa.testcases.DirectSendTest@4a883b15</td></tr>
<tr>
<td title='com.sonarwallet.qa.testcases.DashboardTest.TestCase26()'><b>TestCase26</b><br>Test class: com.sonarwallet.qa.testcases.DashboardTest<br>Test method: Test Case Description: Send Transaction Of BNB non Native Token</td>
<td></td>
<td>2</td>
<td>com.sonarwallet.qa.testcases.DashboardTest@791f145a</td></tr>
<tr>
<td title='com.sonarwallet.qa.testcases.CreateWalletTest.TestCase1()'><b>TestCase1</b><br>Test class: com.sonarwallet.qa.testcases.CreateWalletTest<br>Test method: Test Case Description: Signup/onboarding for New User</td>
<td></td>
<td>6</td>
<td>com.sonarwallet.qa.testcases.CreateWalletTest@25641d39</td></tr>
<tr>
<td title='com.sonarwallet.qa.testcases.ManageWalletTest.TestCase33()'><b>TestCase33</b><br>Test class: com.sonarwallet.qa.testcases.ManageWalletTest<br>Test method: Test Case Description: Reveal Accounts Private Key</td>
<td></td>
<td>2</td>
<td>com.sonarwallet.qa.testcases.ManageWalletTest@6c1a5b54</td></tr>
<tr>
<td title='com.sonarwallet.qa.testcases.DirectSendTest.TestCase20_1()'><b>TestCase20_1</b><br>Test class: com.sonarwallet.qa.testcases.DirectSendTest<br>Test method: Test Case Description: Confirm transaction functionality for send(BNB Native Token)</td>
<td></td>
<td>69</td>
<td>com.sonarwallet.qa.testcases.DirectSendTest@4a883b15</td></tr>
<tr>
<td title='com.sonarwallet.qa.testcases.ImportWalletTest.TestCase5()'><b>TestCase5</b><br>Test class: com.sonarwallet.qa.testcases.ImportWalletTest<br>Test method: Test Case Description: Import Wallet</td>
<td></td>
<td>12</td>
<td>com.sonarwallet.qa.testcases.ImportWalletTest@1e0b4072</td></tr>
<tr>
<td title='com.sonarwallet.qa.testcases.ManageWalletTest.TestCase34()'><b>TestCase34</b><br>Test class: com.sonarwallet.qa.testcases.ManageWalletTest<br>Test method: Test Case Description: Verify the working of Import an Account in Setting</td>
<td></td>
<td>7</td>
<td>com.sonarwallet.qa.testcases.ManageWalletTest@6c1a5b54</td></tr>
<tr>
<td title='com.sonarwallet.qa.testcases.CreateWalletTest.TestCase2_3()'><b>TestCase2_3</b><br>Test class: com.sonarwallet.qa.testcases.CreateWalletTest<br>Test method: Test Case Description: Signup/onboarding for New User With Invalid Confirm Password</td>
<td></td>
<td>4</td>
<td>com.sonarwallet.qa.testcases.CreateWalletTest@25641d39</td></tr>
<tr>
<td title='com.sonarwallet.qa.testcases.CreateWalletTest.TestCase4()'><b>TestCase4</b><br>Test class: com.sonarwallet.qa.testcases.CreateWalletTest<br>Test method: Test Case Description: Create New Wallet with wrong seed phrase</td>
<td></td>
<td>9</td>
<td>com.sonarwallet.qa.testcases.CreateWalletTest@25641d39</td></tr>
<tr>
<td title='com.sonarwallet.qa.testcases.DirectSendTest.TestCase20_3()'><b>TestCase20_3</b><br>Test class: com.sonarwallet.qa.testcases.DirectSendTest<br>Test method: Test Case Description: Confirm transaction functionality for send(ETH Native Token)</td>
<td></td>
<td>76</td>
<td>com.sonarwallet.qa.testcases.DirectSendTest@4a883b15</td></tr>
<tr>
<td title='com.sonarwallet.qa.testcases.CreateWalletTest.TestCase2_1()'><b>TestCase2_1</b><br>Test class: com.sonarwallet.qa.testcases.CreateWalletTest<br>Test method: Test Case Description: Signup/onboarding for New User With Invalid Password</td>
<td></td>
<td>4</td>
<td>com.sonarwallet.qa.testcases.CreateWalletTest@25641d39</td></tr>
<tr>
<td title='com.sonarwallet.qa.testcases.ManageWalletTest.TestCase31()'><b>TestCase31</b><br>Test class: com.sonarwallet.qa.testcases.ManageWalletTest<br>Test method: Test Case Description: Accounts Details - Manage wallet</td>
<td></td>
<td>1</td>
<td>com.sonarwallet.qa.testcases.ManageWalletTest@6c1a5b54</td></tr>
<tr>
<td title='com.sonarwallet.qa.testcases.SendTest.TestCase39()'><b>TestCase39</b><br>Test class: com.sonarwallet.qa.testcases.SendTest<br>Test method: Test Case Description: Address book in Setting</td>
<td></td>
<td>5</td>
<td>com.sonarwallet.qa.testcases.SendTest@4dbb42b7</td></tr>
<tr>
<td title='com.sonarwallet.qa.testcases.ManageWalletTest.TestCase29()'><b>TestCase29</b><br>Test class: com.sonarwallet.qa.testcases.ManageWalletTest<br>Test method: Test Case Description: Update wallet name</td>
<td></td>
<td>1</td>
<td>com.sonarwallet.qa.testcases.ManageWalletTest@6c1a5b54</td></tr>
<tr>
<td title='com.sonarwallet.qa.testcases.DirectSendTest.TestCase20_11()'><b>TestCase20_11</b><br>Test class: com.sonarwallet.qa.testcases.DirectSendTest<br>Test method: Test Case Description: Confirm transaction functionality for send(Fantom Native Token)</td>
<td></td>
<td>46</td>
<td>com.sonarwallet.qa.testcases.DirectSendTest@4a883b15</td></tr>
<tr>
<td title='com.sonarwallet.qa.testcases.DirectSendTest.TestCase20_7()'><b>TestCase20_7</b><br>Test class: com.sonarwallet.qa.testcases.DirectSendTest<br>Test method: Test Case Description: Confirm transaction functionality for send(Avalanche Native Token)</td>
<td></td>
<td>43</td>
<td>com.sonarwallet.qa.testcases.DirectSendTest@4a883b15</td></tr>
<tr>
<td title='com.sonarwallet.qa.testcases.DirectSendTest.TestCase11()'><b>TestCase11</b><br>Test class: com.sonarwallet.qa.testcases.DirectSendTest<br>Test method: Test Case Description: Token Detail View</td>
<td></td>
<td>21</td>
<td>com.sonarwallet.qa.testcases.DirectSendTest@4a883b15</td></tr>
<tr>
<td title='com.sonarwallet.qa.testcases.DirectSendTest.TestCase20_10()'><b>TestCase20_10</b><br>Test class: com.sonarwallet.qa.testcases.DirectSendTest<br>Test method: Test Case Description: Confirm transaction functionality for send(Cronos Non Native Token)</td>
<td></td>
<td>58</td>
<td>com.sonarwallet.qa.testcases.DirectSendTest@4a883b15</td></tr>
<tr>
<td title='com.sonarwallet.qa.testcases.DirectSendTest.TestCase20_6()'><b>TestCase20_6</b><br>Test class: com.sonarwallet.qa.testcases.DirectSendTest<br>Test method: Test Case Description: Confirm transaction functionality for send(Polygon Non Native Token)</td>
<td></td>
<td>75</td>
<td>com.sonarwallet.qa.testcases.DirectSendTest@4a883b15</td></tr>
<tr>
<td title='com.sonarwallet.qa.testcases.DashboardTest.TestCase09()'><b>TestCase09</b><br>Test class: com.sonarwallet.qa.testcases.DashboardTest<br>Test method: Test Case Description: Dashboard Header items</td>
<td></td>
<td>0</td>
<td>com.sonarwallet.qa.testcases.DashboardTest@791f145a</td></tr>
<tr>
<td title='com.sonarwallet.qa.testcases.EditTokenTest.TestCase17_with_eth()'><b>TestCase17_with_eth</b><br>Test class: com.sonarwallet.qa.testcases.EditTokenTest<br>Test method: Test Case Description: Add Custom ETH Token</td>
<td></td>
<td>35</td>
<td>com.sonarwallet.qa.testcases.EditTokenTest@4b45a2f5</td></tr>
<tr>
<td title='com.sonarwallet.qa.testcases.DirectSendTest.TestCase21()'><b>TestCase21</b><br>Test class: com.sonarwallet.qa.testcases.DirectSendTest<br>Test method: Test Case Description: Edit / Custom gas fee functionality</td>
<td></td>
<td>41</td>
<td>com.sonarwallet.qa.testcases.DirectSendTest@4a883b15</td></tr>
</table><p>
<table width='100%' border='1' class='invocation-skipped'>
<tr><td colspan='4' align='center'><b>SKIPPED TESTS</b></td></tr>
<tr><td><b>Test method</b></td>
<td width="30%"><b>Exception</b></td>
<td width="10%"><b>Time (seconds)</b></td>
<td><b>Instance</b></td>
</tr>
<tr>
<td title='com.sonarwallet.qa.testcases.CreateWalletTest.TestCase4()'><b>TestCase4</b><br>Test class: com.sonarwallet.qa.testcases.CreateWalletTest<br>Test method: Test Case Description: Create New Wallet with wrong seed phrase</td>
<td><div><pre>org.openqa.selenium.ElementNotInteractableException: element not interactable
  (Session info: chrome=111.0.5563.65)
Build info: version: &apos;4.7.1&apos;, revision: &apos;c6795baf1a3&apos;
System info: os.name: &apos;Windows 10&apos;, os.arch: &apos;amd64&apos;, os.version: &apos;10.0&apos;, java.version: &apos;17.0.5&apos;
Driver info: org.openqa.selenium.chrome.ChromeDriver
Command: [13c3c0ebc4d6f329d7471172de7672f9, clickElement {id=5e61fe24-e70f-4dae-9826-1144d82168f8}]
Capabilities {acceptInsecureCerts: false, browserName: chrome, browserVersion: 111.0.5563.65, chrome: {chromedriverVersion: 111.0.5563.64 (c710e93d5b63..., userDataDir: C:\Users\COREI-~1\AppData\L...}, goog:chromeOptions: {debuggerAddress: localhost:61379}, networkConnectionEnabled: false, pageLoadStrategy: normal, platformName: WINDOWS, proxy: Proxy(), se:cdp: ws://localhost:61379/devtoo..., se:cdpVersion: 111.0.5563.65, setWindowRect: true, strictFileInteractability: false, timeouts: {implicit: 0, pageLoad: 300000, script: 30000}, unhandledPromptBehavior: dismiss and notify, webauthn:extension:credBlob: true, webauthn:extension:largeBlob: true, webauthn:extension:minPinLength: true, webauthn:extension:prf: true, webauthn:virtualAuthenticators: true}
Element: [[ChromeDriver: chrome on WINDOWS (13c3c0ebc4d6f329d7471172de7672f9)] -&gt; xpath: //*[ contains (text(),&apos;fade&apos;)]]
Session ID: 13c3c0ebc4d6f329d7471172de7672f9
	at org.openqa.selenium.remote.codec.w3c.W3CHttpResponseCodec.createException(W3CHttpResponseCodec.java:200)
	at org.openqa.selenium.remote.codec.w3c.W3CHttpResponseCodec.decode(W3CHttpResponseCodec.java:133)
	at org.openqa.selenium.remote.codec.w3c.W3CHttpResponseCodec.decode(W3CHttpResponseCodec.java:53)
	at org.openqa.selenium.remote.HttpCommandExecutor.execute(HttpCommandExecutor.java:184)
	at org.openqa.selenium.remote.service.DriverCommandExecutor.invokeExecute(DriverCommandExecutor.java:167)
	at org.openqa.selenium.remote.service.DriverCommandExecutor.execute(DriverCommandExecutor.java:142)
	at org.openqa.selenium.remote.RemoteWebDriver.execute(RemoteWebDriver.java:551)
	at org.openqa.selenium.remote.RemoteWebElement.execute(RemoteWebElement.java:257)
	at org.openqa.selenium.remote.RemoteWebElement.click(RemoteWebElement.java:78)
	at org.openqa.selenium.support.events.EventFiringWebDriver$EventFiringWebElement.lambda$new$0(EventFiringWebDriver.java:378)
	at jdk.proxy2/jdk.proxy2.$Proxy19.click(Unknown Source)
	at org.openqa.selenium.support.events.EventFiringWebDriver$EventFiringWebElement.click(EventFiringWebDriver.java:391)
	at com.sonarwallet.qa.pages.CreateWallet.getseedphraseWronglist(CreateWallet.java:205)
	at com.sonarwallet.qa.testcases.CreateWalletTest.TestCase4(CreateWalletTest.java:123)
	at java.base/java.util.ArrayList.forEach(ArrayList.java:1511)
... Removed 35 stack frames</pre></div><a href='#' onClick='toggleBox("stack-trace692553046", this, "Click to show all stack frames", "Click to hide stack frames")'>Click to show all stack frames</a>
<div class='stack-trace' id='stack-trace692553046'><pre>org.openqa.selenium.ElementNotInteractableException: element not interactable
  (Session info: chrome=111.0.5563.65)
Build info: version: &apos;4.7.1&apos;, revision: &apos;c6795baf1a3&apos;
System info: os.name: &apos;Windows 10&apos;, os.arch: &apos;amd64&apos;, os.version: &apos;10.0&apos;, java.version: &apos;17.0.5&apos;
Driver info: org.openqa.selenium.chrome.ChromeDriver
Command: [13c3c0ebc4d6f329d7471172de7672f9, clickElement {id=5e61fe24-e70f-4dae-9826-1144d82168f8}]
Capabilities {acceptInsecureCerts: false, browserName: chrome, browserVersion: 111.0.5563.65, chrome: {chromedriverVersion: 111.0.5563.64 (c710e93d5b63..., userDataDir: C:\Users\COREI-~1\AppData\L...}, goog:chromeOptions: {debuggerAddress: localhost:61379}, networkConnectionEnabled: false, pageLoadStrategy: normal, platformName: WINDOWS, proxy: Proxy(), se:cdp: ws://localhost:61379/devtoo..., se:cdpVersion: 111.0.5563.65, setWindowRect: true, strictFileInteractability: false, timeouts: {implicit: 0, pageLoad: 300000, script: 30000}, unhandledPromptBehavior: dismiss and notify, webauthn:extension:credBlob: true, webauthn:extension:largeBlob: true, webauthn:extension:minPinLength: true, webauthn:extension:prf: true, webauthn:virtualAuthenticators: true}
Element: [[ChromeDriver: chrome on WINDOWS (13c3c0ebc4d6f329d7471172de7672f9)] -&gt; xpath: //*[ contains (text(),&apos;fade&apos;)]]
Session ID: 13c3c0ebc4d6f329d7471172de7672f9
	at java.base/jdk.internal.reflect.NativeConstructorAccessorImpl.newInstance0(Native Method)
	at java.base/jdk.internal.reflect.NativeConstructorAccessorImpl.newInstance(NativeConstructorAccessorImpl.java:77)
	at java.base/jdk.internal.reflect.DelegatingConstructorAccessorImpl.newInstance(DelegatingConstructorAccessorImpl.java:45)
	at java.base/java.lang.reflect.Constructor.newInstanceWithCaller(Constructor.java:499)
	at java.base/java.lang.reflect.Constructor.newInstance(Constructor.java:480)
	at org.openqa.selenium.remote.codec.w3c.W3CHttpResponseCodec.createException(W3CHttpResponseCodec.java:200)
	at org.openqa.selenium.remote.codec.w3c.W3CHttpResponseCodec.decode(W3CHttpResponseCodec.java:133)
	at org.openqa.selenium.remote.codec.w3c.W3CHttpResponseCodec.decode(W3CHttpResponseCodec.java:53)
	at org.openqa.selenium.remote.HttpCommandExecutor.execute(HttpCommandExecutor.java:184)
	at org.openqa.selenium.remote.service.DriverCommandExecutor.invokeExecute(DriverCommandExecutor.java:167)
	at org.openqa.selenium.remote.service.DriverCommandExecutor.execute(DriverCommandExecutor.java:142)
	at org.openqa.selenium.remote.RemoteWebDriver.execute(RemoteWebDriver.java:551)
	at org.openqa.selenium.remote.RemoteWebElement.execute(RemoteWebElement.java:257)
	at org.openqa.selenium.remote.RemoteWebElement.click(RemoteWebElement.java:78)
	at jdk.internal.reflect.GeneratedMethodAccessor1.invoke(Unknown Source)
	at java.base/jdk.internal.reflect.DelegatingMethodAccessorImpl.invoke(DelegatingMethodAccessorImpl.java:43)
	at java.base/java.lang.reflect.Method.invoke(Method.java:568)
	at org.openqa.selenium.support.events.EventFiringWebDriver$EventFiringWebElement.lambda$new$0(EventFiringWebDriver.java:378)
	at jdk.proxy2/jdk.proxy2.$Proxy19.click(Unknown Source)
	at org.openqa.selenium.support.events.EventFiringWebDriver$EventFiringWebElement.click(EventFiringWebDriver.java:391)
	at com.sonarwallet.qa.pages.CreateWallet.getseedphraseWronglist(CreateWallet.java:205)
	at com.sonarwallet.qa.testcases.CreateWalletTest.TestCase4(CreateWalletTest.java:123)
	at java.base/jdk.internal.reflect.NativeMethodAccessorImpl.invoke0(Native Method)
	at java.base/jdk.internal.reflect.NativeMethodAccessorImpl.invoke(NativeMethodAccessorImpl.java:77)
	at java.base/jdk.internal.reflect.DelegatingMethodAccessorImpl.invoke(DelegatingMethodAccessorImpl.java:43)
	at java.base/java.lang.reflect.Method.invoke(Method.java:568)
	at org.testng.internal.MethodInvocationHelper.invokeMethod(MethodInvocationHelper.java:133)
	at org.testng.internal.TestInvoker.invokeMethod(TestInvoker.java:598)
	at org.testng.internal.TestInvoker.invokeTestMethod(TestInvoker.java:173)
	at org.testng.internal.MethodRunner.runInSequence(MethodRunner.java:46)
	at org.testng.internal.TestInvoker$MethodInvocationAgent.invoke(TestInvoker.java:824)
	at org.testng.internal.TestInvoker.invokeTestMethods(TestInvoker.java:146)
	at org.testng.internal.TestMethodWorker.invokeTestMethods(TestMethodWorker.java:146)
	at org.testng.internal.TestMethodWorker.run(TestMethodWorker.java:128)
	at java.base/java.util.ArrayList.forEach(ArrayList.java:1511)
	at org.testng.TestRunner.privateRun(TestRunner.java:794)
	at org.testng.TestRunner.run(TestRunner.java:596)
	at org.testng.SuiteRunner.runTest(SuiteRunner.java:377)
	at org.testng.SuiteRunner.runSequentially(SuiteRunner.java:371)
	at org.testng.SuiteRunner.privateRun(SuiteRunner.java:332)
	at org.testng.SuiteRunner.run(SuiteRunner.java:276)
	at org.testng.SuiteRunnerWorker.runSuite(SuiteRunnerWorker.java:53)
	at org.testng.SuiteRunnerWorker.run(SuiteRunnerWorker.java:96)
	at org.testng.TestNG.runSuitesSequentially(TestNG.java:1212)
	at org.testng.TestNG.runSuitesLocally(TestNG.java:1134)
	at org.testng.TestNG.runSuites(TestNG.java:1063)
	at org.testng.TestNG.run(TestNG.java:1031)
	at org.testng.remote.AbstractRemoteTestNG.run(AbstractRemoteTestNG.java:115)
	at org.testng.remote.RemoteTestNG.initAndRun(RemoteTestNG.java:251)
	at org.testng.remote.RemoteTestNG.main(RemoteTestNG.java:77)
</pre></div></td>
<td>68</td>
<td>com.sonarwallet.qa.testcases.CreateWalletTest@25641d39</td></tr>
<tr>
<td title='com.sonarwallet.qa.testcases.DashboardTest.TestCase10()'><b>TestCase10</b><br>Test class: com.sonarwallet.qa.testcases.DashboardTest<br>Test method: Test Case Description: Dashboard View</td>
<td><div><pre>org.openqa.selenium.ElementClickInterceptedException: element click intercepted: Element &lt;div class=&quot;MuiButtonBase-root MuiAccordionSummary-root css-7zmsdl&quot; tabindex=&quot;0&quot; role=&quot;button&quot; aria-expanded=&quot;false&quot; id=&quot;RenderChainsList-ChainAccordionSummary-2&quot;&gt;...&lt;/div&gt; is not clickable at point (683, 551). Other element would receive the click: &lt;div class=&quot;my-tokens-list trans-default bezier-in-out&quot; style=&quot;height: unset;&quot;&gt;...&lt;/div&gt;
  (Session info: chrome=111.0.5563.65)
Build info: version: &apos;4.7.1&apos;, revision: &apos;c6795baf1a3&apos;
System info: os.name: &apos;Windows 10&apos;, os.arch: &apos;amd64&apos;, os.version: &apos;10.0&apos;, java.version: &apos;17.0.5&apos;
Driver info: org.openqa.selenium.chrome.ChromeDriver
Command: [c52a8a6c43d4886c27e9272dd860ce8b, clickElement {id=7ed42857-6a21-4b1e-a668-d6b1381d2cb7}]
Capabilities {acceptInsecureCerts: false, browserName: chrome, browserVersion: 111.0.5563.65, chrome: {chromedriverVersion: 111.0.5563.64 (c710e93d5b63..., userDataDir: C:\Users\COREI-~1\AppData\L...}, goog:chromeOptions: {debuggerAddress: localhost:61562}, networkConnectionEnabled: false, pageLoadStrategy: normal, platformName: WINDOWS, proxy: Proxy(), se:cdp: ws://localhost:61562/devtoo..., se:cdpVersion: 111.0.5563.65, setWindowRect: true, strictFileInteractability: false, timeouts: {implicit: 0, pageLoad: 300000, script: 30000}, unhandledPromptBehavior: dismiss and notify, webauthn:extension:credBlob: true, webauthn:extension:largeBlob: true, webauthn:extension:minPinLength: true, webauthn:extension:prf: true, webauthn:virtualAuthenticators: true}
Element: [[ChromeDriver: chrome on WINDOWS (c52a8a6c43d4886c27e9272dd860ce8b)] -&gt; id: RenderChainsList-ChainAccordionSummary-2]
Session ID: c52a8a6c43d4886c27e9272dd860ce8b
	at org.openqa.selenium.remote.codec.w3c.W3CHttpResponseCodec.createException(W3CHttpResponseCodec.java:200)
	at org.openqa.selenium.remote.codec.w3c.W3CHttpResponseCodec.decode(W3CHttpResponseCodec.java:133)
	at org.openqa.selenium.remote.codec.w3c.W3CHttpResponseCodec.decode(W3CHttpResponseCodec.java:53)
	at org.openqa.selenium.remote.HttpCommandExecutor.execute(HttpCommandExecutor.java:184)
	at org.openqa.selenium.remote.service.DriverCommandExecutor.invokeExecute(DriverCommandExecutor.java:167)
	at org.openqa.selenium.remote.service.DriverCommandExecutor.execute(DriverCommandExecutor.java:142)
	at org.openqa.selenium.remote.RemoteWebDriver.execute(RemoteWebDriver.java:551)
	at org.openqa.selenium.remote.RemoteWebElement.execute(RemoteWebElement.java:257)
	at org.openqa.selenium.remote.RemoteWebElement.click(RemoteWebElement.java:78)
	at org.openqa.selenium.support.events.EventFiringWebDriver$EventFiringWebElement.lambda$new$0(EventFiringWebDriver.java:378)
	at jdk.proxy2/jdk.proxy2.$Proxy19.click(Unknown Source)
	at org.openqa.selenium.support.events.EventFiringWebDriver$EventFiringWebElement.click(EventFiringWebDriver.java:391)
	at org.openqa.selenium.support.pagefactory.internal.LocatingElementHandler.invoke(LocatingElementHandler.java:52)
	at jdk.proxy2/jdk.proxy2.$Proxy18.click(Unknown Source)
	at com.sonarwallet.qa.pages.Dashboard.PolygonChainExpand(Dashboard.java:187)
	at com.sonarwallet.qa.testcases.DashboardTest.TestCase10(DashboardTest.java:69)
	at java.base/java.util.ArrayList.forEach(ArrayList.java:1511)
... Removed 38 stack frames</pre></div><a href='#' onClick='toggleBox("stack-trace1771173138", this, "Click to show all stack frames", "Click to hide stack frames")'>Click to show all stack frames</a>
<div class='stack-trace' id='stack-trace1771173138'><pre>org.openqa.selenium.ElementClickInterceptedException: element click intercepted: Element &lt;div class=&quot;MuiButtonBase-root MuiAccordionSummary-root css-7zmsdl&quot; tabindex=&quot;0&quot; role=&quot;button&quot; aria-expanded=&quot;false&quot; id=&quot;RenderChainsList-ChainAccordionSummary-2&quot;&gt;...&lt;/div&gt; is not clickable at point (683, 551). Other element would receive the click: &lt;div class=&quot;my-tokens-list trans-default bezier-in-out&quot; style=&quot;height: unset;&quot;&gt;...&lt;/div&gt;
  (Session info: chrome=111.0.5563.65)
Build info: version: &apos;4.7.1&apos;, revision: &apos;c6795baf1a3&apos;
System info: os.name: &apos;Windows 10&apos;, os.arch: &apos;amd64&apos;, os.version: &apos;10.0&apos;, java.version: &apos;17.0.5&apos;
Driver info: org.openqa.selenium.chrome.ChromeDriver
Command: [c52a8a6c43d4886c27e9272dd860ce8b, clickElement {id=7ed42857-6a21-4b1e-a668-d6b1381d2cb7}]
Capabilities {acceptInsecureCerts: false, browserName: chrome, browserVersion: 111.0.5563.65, chrome: {chromedriverVersion: 111.0.5563.64 (c710e93d5b63..., userDataDir: C:\Users\COREI-~1\AppData\L...}, goog:chromeOptions: {debuggerAddress: localhost:61562}, networkConnectionEnabled: false, pageLoadStrategy: normal, platformName: WINDOWS, proxy: Proxy(), se:cdp: ws://localhost:61562/devtoo..., se:cdpVersion: 111.0.5563.65, setWindowRect: true, strictFileInteractability: false, timeouts: {implicit: 0, pageLoad: 300000, script: 30000}, unhandledPromptBehavior: dismiss and notify, webauthn:extension:credBlob: true, webauthn:extension:largeBlob: true, webauthn:extension:minPinLength: true, webauthn:extension:prf: true, webauthn:virtualAuthenticators: true}
Element: [[ChromeDriver: chrome on WINDOWS (c52a8a6c43d4886c27e9272dd860ce8b)] -&gt; id: RenderChainsList-ChainAccordionSummary-2]
Session ID: c52a8a6c43d4886c27e9272dd860ce8b
	at java.base/jdk.internal.reflect.NativeConstructorAccessorImpl.newInstance0(Native Method)
	at java.base/jdk.internal.reflect.NativeConstructorAccessorImpl.newInstance(NativeConstructorAccessorImpl.java:77)
	at java.base/jdk.internal.reflect.DelegatingConstructorAccessorImpl.newInstance(DelegatingConstructorAccessorImpl.java:45)
	at java.base/java.lang.reflect.Constructor.newInstanceWithCaller(Constructor.java:499)
	at java.base/java.lang.reflect.Constructor.newInstance(Constructor.java:480)
	at org.openqa.selenium.remote.codec.w3c.W3CHttpResponseCodec.createException(W3CHttpResponseCodec.java:200)
	at org.openqa.selenium.remote.codec.w3c.W3CHttpResponseCodec.decode(W3CHttpResponseCodec.java:133)
	at org.openqa.selenium.remote.codec.w3c.W3CHttpResponseCodec.decode(W3CHttpResponseCodec.java:53)
	at org.openqa.selenium.remote.HttpCommandExecutor.execute(HttpCommandExecutor.java:184)
	at org.openqa.selenium.remote.service.DriverCommandExecutor.invokeExecute(DriverCommandExecutor.java:167)
	at org.openqa.selenium.remote.service.DriverCommandExecutor.execute(DriverCommandExecutor.java:142)
	at org.openqa.selenium.remote.RemoteWebDriver.execute(RemoteWebDriver.java:551)
	at org.openqa.selenium.remote.RemoteWebElement.execute(RemoteWebElement.java:257)
	at org.openqa.selenium.remote.RemoteWebElement.click(RemoteWebElement.java:78)
	at jdk.internal.reflect.GeneratedMethodAccessor1.invoke(Unknown Source)
	at java.base/jdk.internal.reflect.DelegatingMethodAccessorImpl.invoke(DelegatingMethodAccessorImpl.java:43)
	at java.base/java.lang.reflect.Method.invoke(Method.java:568)
	at org.openqa.selenium.support.events.EventFiringWebDriver$EventFiringWebElement.lambda$new$0(EventFiringWebDriver.java:378)
	at jdk.proxy2/jdk.proxy2.$Proxy19.click(Unknown Source)
	at org.openqa.selenium.support.events.EventFiringWebDriver$EventFiringWebElement.click(EventFiringWebDriver.java:391)
	at jdk.internal.reflect.GeneratedMethodAccessor1.invoke(Unknown Source)
	at java.base/jdk.internal.reflect.DelegatingMethodAccessorImpl.invoke(DelegatingMethodAccessorImpl.java:43)
	at java.base/java.lang.reflect.Method.invoke(Method.java:568)
	at org.openqa.selenium.support.pagefactory.internal.LocatingElementHandler.invoke(LocatingElementHandler.java:52)
	at jdk.proxy2/jdk.proxy2.$Proxy18.click(Unknown Source)
	at com.sonarwallet.qa.pages.Dashboard.PolygonChainExpand(Dashboard.java:187)
	at com.sonarwallet.qa.testcases.DashboardTest.TestCase10(DashboardTest.java:69)
	at java.base/jdk.internal.reflect.NativeMethodAccessorImpl.invoke0(Native Method)
	at java.base/jdk.internal.reflect.NativeMethodAccessorImpl.invoke(NativeMethodAccessorImpl.java:77)
	at java.base/jdk.internal.reflect.DelegatingMethodAccessorImpl.invoke(DelegatingMethodAccessorImpl.java:43)
	at java.base/java.lang.reflect.Method.invoke(Method.java:568)
	at org.testng.internal.MethodInvocationHelper.invokeMethod(MethodInvocationHelper.java:133)
	at org.testng.internal.TestInvoker.invokeMethod(TestInvoker.java:598)
	at org.testng.internal.TestInvoker.invokeTestMethod(TestInvoker.java:173)
	at org.testng.internal.MethodRunner.runInSequence(MethodRunner.java:46)
	at org.testng.internal.TestInvoker$MethodInvocationAgent.invoke(TestInvoker.java:824)
	at org.testng.internal.TestInvoker.invokeTestMethods(TestInvoker.java:146)
	at org.testng.internal.TestMethodWorker.invokeTestMethods(TestMethodWorker.java:146)
	at org.testng.internal.TestMethodWorker.run(TestMethodWorker.java:128)
	at java.base/java.util.ArrayList.forEach(ArrayList.java:1511)
	at org.testng.TestRunner.privateRun(TestRunner.java:794)
	at org.testng.TestRunner.run(TestRunner.java:596)
	at org.testng.SuiteRunner.runTest(SuiteRunner.java:377)
	at org.testng.SuiteRunner.runSequentially(SuiteRunner.java:371)
	at org.testng.SuiteRunner.privateRun(SuiteRunner.java:332)
	at org.testng.SuiteRunner.run(SuiteRunner.java:276)
	at org.testng.SuiteRunnerWorker.runSuite(SuiteRunnerWorker.java:53)
	at org.testng.SuiteRunnerWorker.run(SuiteRunnerWorker.java:96)
	at org.testng.TestNG.runSuitesSequentially(TestNG.java:1212)
	at org.testng.TestNG.runSuitesLocally(TestNG.java:1134)
	at org.testng.TestNG.runSuites(TestNG.java:1063)
	at org.testng.TestNG.run(TestNG.java:1031)
	at org.testng.remote.AbstractRemoteTestNG.run(AbstractRemoteTestNG.java:115)
	at org.testng.remote.RemoteTestNG.initAndRun(RemoteTestNG.java:251)
	at org.testng.remote.RemoteTestNG.main(RemoteTestNG.java:77)
</pre></div></td>
<td>2</td>
<td>com.sonarwallet.qa.testcases.DashboardTest@791f145a</td></tr>
<tr>
<td title='com.sonarwallet.qa.testcases.CreateNewWalletTest.CreateNewWalletHappyFlow()'><b>CreateNewWalletHappyFlow</b><br>Test class: com.sonarwallet.qa.testcases.CreateNewWalletTest</td>
<td><div><pre>org.openqa.selenium.NoSuchElementException: no such element: Unable to locate element: {&quot;method&quot;:&quot;xpath&quot;,&quot;selector&quot;:&quot;//div[ contains (text(),&apos;New Wallet&apos;)]&quot;}
  (Session info: chrome=111.0.5563.65)
For documentation on this error, please visit: https://selenium.dev/exceptions/#no_such_element
Build info: version: &apos;4.7.1&apos;, revision: &apos;c6795baf1a3&apos;
System info: os.name: &apos;Windows 10&apos;, os.arch: &apos;amd64&apos;, os.version: &apos;10.0&apos;, java.version: &apos;17.0.5&apos;
Driver info: org.openqa.selenium.chrome.ChromeDriver
Command: [96f6a79133e7512c578badd402121643, findElement {using=xpath, value=//div[ contains (text(),&apos;New Wallet&apos;)]}]
Capabilities {acceptInsecureCerts: false, browserName: chrome, browserVersion: 111.0.5563.65, chrome: {chromedriverVersion: 111.0.5563.64 (c710e93d5b63..., userDataDir: C:\Users\COREI-~1\AppData\L...}, goog:chromeOptions: {debuggerAddress: localhost:61901}, networkConnectionEnabled: false, pageLoadStrategy: normal, platformName: WINDOWS, proxy: Proxy(), se:cdp: ws://localhost:61901/devtoo..., se:cdpVersion: 111.0.5563.65, setWindowRect: true, strictFileInteractability: false, timeouts: {implicit: 0, pageLoad: 300000, script: 30000}, unhandledPromptBehavior: dismiss and notify, webauthn:extension:credBlob: true, webauthn:extension:largeBlob: true, webauthn:extension:minPinLength: true, webauthn:extension:prf: true, webauthn:virtualAuthenticators: true}
Session ID: 96f6a79133e7512c578badd402121643
	at org.openqa.selenium.remote.codec.w3c.W3CHttpResponseCodec.createException(W3CHttpResponseCodec.java:200)
	at org.openqa.selenium.remote.codec.w3c.W3CHttpResponseCodec.decode(W3CHttpResponseCodec.java:133)
	at org.openqa.selenium.remote.codec.w3c.W3CHttpResponseCodec.decode(W3CHttpResponseCodec.java:53)
	at org.openqa.selenium.remote.HttpCommandExecutor.execute(HttpCommandExecutor.java:184)
	at org.openqa.selenium.remote.service.DriverCommandExecutor.invokeExecute(DriverCommandExecutor.java:167)
	at org.openqa.selenium.remote.service.DriverCommandExecutor.execute(DriverCommandExecutor.java:142)
	at org.openqa.selenium.remote.RemoteWebDriver.execute(RemoteWebDriver.java:551)
	at org.openqa.selenium.remote.ElementLocation$ElementFinder$2.findElement(ElementLocation.java:162)
	at org.openqa.selenium.remote.ElementLocation.findElement(ElementLocation.java:60)
	at org.openqa.selenium.remote.RemoteWebDriver.findElement(RemoteWebDriver.java:367)
	at org.openqa.selenium.remote.RemoteWebDriver.findElement(RemoteWebDriver.java:359)
	at org.openqa.selenium.support.events.EventFiringWebDriver.lambda$new$1(EventFiringWebDriver.java:106)
	at jdk.proxy2/jdk.proxy2.$Proxy14.findElement(Unknown Source)
	at org.openqa.selenium.support.events.EventFiringWebDriver.findElement(EventFiringWebDriver.java:195)
	at com.sonarwallet.qa.testcases.CreateNewWalletTest.CreateNewWalletHappyFlow(CreateNewWalletTest.java:57)
	at java.base/java.util.ArrayList.forEach(ArrayList.java:1511)
... Removed 35 stack frames</pre></div><a href='#' onClick='toggleBox("stack-trace1653397144", this, "Click to show all stack frames", "Click to hide stack frames")'>Click to show all stack frames</a>
<div class='stack-trace' id='stack-trace1653397144'><pre>org.openqa.selenium.NoSuchElementException: no such element: Unable to locate element: {&quot;method&quot;:&quot;xpath&quot;,&quot;selector&quot;:&quot;//div[ contains (text(),&apos;New Wallet&apos;)]&quot;}
  (Session info: chrome=111.0.5563.65)
For documentation on this error, please visit: https://selenium.dev/exceptions/#no_such_element
Build info: version: &apos;4.7.1&apos;, revision: &apos;c6795baf1a3&apos;
System info: os.name: &apos;Windows 10&apos;, os.arch: &apos;amd64&apos;, os.version: &apos;10.0&apos;, java.version: &apos;17.0.5&apos;
Driver info: org.openqa.selenium.chrome.ChromeDriver
Command: [96f6a79133e7512c578badd402121643, findElement {using=xpath, value=//div[ contains (text(),&apos;New Wallet&apos;)]}]
Capabilities {acceptInsecureCerts: false, browserName: chrome, browserVersion: 111.0.5563.65, chrome: {chromedriverVersion: 111.0.5563.64 (c710e93d5b63..., userDataDir: C:\Users\COREI-~1\AppData\L...}, goog:chromeOptions: {debuggerAddress: localhost:61901}, networkConnectionEnabled: false, pageLoadStrategy: normal, platformName: WINDOWS, proxy: Proxy(), se:cdp: ws://localhost:61901/devtoo..., se:cdpVersion: 111.0.5563.65, setWindowRect: true, strictFileInteractability: false, timeouts: {implicit: 0, pageLoad: 300000, script: 30000}, unhandledPromptBehavior: dismiss and notify, webauthn:extension:credBlob: true, webauthn:extension:largeBlob: true, webauthn:extension:minPinLength: true, webauthn:extension:prf: true, webauthn:virtualAuthenticators: true}
Session ID: 96f6a79133e7512c578badd402121643
	at java.base/jdk.internal.reflect.NativeConstructorAccessorImpl.newInstance0(Native Method)
	at java.base/jdk.internal.reflect.NativeConstructorAccessorImpl.newInstance(NativeConstructorAccessorImpl.java:77)
	at java.base/jdk.internal.reflect.DelegatingConstructorAccessorImpl.newInstance(DelegatingConstructorAccessorImpl.java:45)
	at java.base/java.lang.reflect.Constructor.newInstanceWithCaller(Constructor.java:499)
	at java.base/java.lang.reflect.Constructor.newInstance(Constructor.java:480)
	at org.openqa.selenium.remote.codec.w3c.W3CHttpResponseCodec.createException(W3CHttpResponseCodec.java:200)
	at org.openqa.selenium.remote.codec.w3c.W3CHttpResponseCodec.decode(W3CHttpResponseCodec.java:133)
	at org.openqa.selenium.remote.codec.w3c.W3CHttpResponseCodec.decode(W3CHttpResponseCodec.java:53)
	at org.openqa.selenium.remote.HttpCommandExecutor.execute(HttpCommandExecutor.java:184)
	at org.openqa.selenium.remote.service.DriverCommandExecutor.invokeExecute(DriverCommandExecutor.java:167)
	at org.openqa.selenium.remote.service.DriverCommandExecutor.execute(DriverCommandExecutor.java:142)
	at org.openqa.selenium.remote.RemoteWebDriver.execute(RemoteWebDriver.java:551)
	at org.openqa.selenium.remote.ElementLocation$ElementFinder$2.findElement(ElementLocation.java:162)
	at org.openqa.selenium.remote.ElementLocation.findElement(ElementLocation.java:60)
	at org.openqa.selenium.remote.RemoteWebDriver.findElement(RemoteWebDriver.java:367)
	at org.openqa.selenium.remote.RemoteWebDriver.findElement(RemoteWebDriver.java:359)
	at jdk.internal.reflect.GeneratedMethodAccessor4.invoke(Unknown Source)
	at java.base/jdk.internal.reflect.DelegatingMethodAccessorImpl.invoke(DelegatingMethodAccessorImpl.java:43)
	at java.base/java.lang.reflect.Method.invoke(Method.java:568)
	at org.openqa.selenium.support.events.EventFiringWebDriver.lambda$new$1(EventFiringWebDriver.java:106)
	at jdk.proxy2/jdk.proxy2.$Proxy14.findElement(Unknown Source)
	at org.openqa.selenium.support.events.EventFiringWebDriver.findElement(EventFiringWebDriver.java:195)
	at com.sonarwallet.qa.testcases.CreateNewWalletTest.CreateNewWalletHappyFlow(CreateNewWalletTest.java:57)
	at java.base/jdk.internal.reflect.NativeMethodAccessorImpl.invoke0(Native Method)
	at java.base/jdk.internal.reflect.NativeMethodAccessorImpl.invoke(NativeMethodAccessorImpl.java:77)
	at java.base/jdk.internal.reflect.DelegatingMethodAccessorImpl.invoke(DelegatingMethodAccessorImpl.java:43)
	at java.base/java.lang.reflect.Method.invoke(Method.java:568)
	at org.testng.internal.MethodInvocationHelper.invokeMethod(MethodInvocationHelper.java:133)
	at org.testng.internal.TestInvoker.invokeMethod(TestInvoker.java:598)
	at org.testng.internal.TestInvoker.invokeTestMethod(TestInvoker.java:173)
	at org.testng.internal.MethodRunner.runInSequence(MethodRunner.java:46)
	at org.testng.internal.TestInvoker$MethodInvocationAgent.invoke(TestInvoker.java:824)
	at org.testng.internal.TestInvoker.invokeTestMethods(TestInvoker.java:146)
	at org.testng.internal.TestMethodWorker.invokeTestMethods(TestMethodWorker.java:146)
	at org.testng.internal.TestMethodWorker.run(TestMethodWorker.java:128)
	at java.base/java.util.ArrayList.forEach(ArrayList.java:1511)
	at org.testng.TestRunner.privateRun(TestRunner.java:794)
	at org.testng.TestRunner.run(TestRunner.java:596)
	at org.testng.SuiteRunner.runTest(SuiteRunner.java:377)
	at org.testng.SuiteRunner.runSequentially(SuiteRunner.java:371)
	at org.testng.SuiteRunner.privateRun(SuiteRunner.java:332)
	at org.testng.SuiteRunner.run(SuiteRunner.java:276)
	at org.testng.SuiteRunnerWorker.runSuite(SuiteRunnerWorker.java:53)
	at org.testng.SuiteRunnerWorker.run(SuiteRunnerWorker.java:96)
	at org.testng.TestNG.runSuitesSequentially(TestNG.java:1212)
	at org.testng.TestNG.runSuitesLocally(TestNG.java:1134)
	at org.testng.TestNG.runSuites(TestNG.java:1063)
	at org.testng.TestNG.run(TestNG.java:1031)
	at org.testng.remote.AbstractRemoteTestNG.run(AbstractRemoteTestNG.java:115)
	at org.testng.remote.RemoteTestNG.initAndRun(RemoteTestNG.java:251)
	at org.testng.remote.RemoteTestNG.main(RemoteTestNG.java:77)
</pre></div></td>
<td>68</td>
<td>com.sonarwallet.qa.testcases.CreateNewWalletTest@6574a52c</td></tr>
</table><p>
</body>
</html>