<?xml version="1.0" encoding="UTF-8"?>
<testng-results retried="3" ignored="0" total="48" passed="45" failed="0" skipped="0">
  <reporter-output>
  </reporter-output>
  <suite started-at="2023-03-16T17:07:00 PKT" name="Sonar Wallet Test Automation Test Suite" finished-at="2023-03-16T17:46:17 PKT" duration-ms="2357348">
    <groups>
      <group name="Regression">
        <method signature="CreateWalletTest.TestCase1()[pri:1, instance:com.sonarwallet.qa.testcases.CreateWalletTest@25641d39]" name="TestCase1" class="com.sonarwallet.qa.testcases.CreateWalletTest"/>
        <method signature="CreateWalletTest.TestCase2_1()[pri:1, instance:com.sonarwallet.qa.testcases.CreateWalletTest@25641d39]" name="TestCase2_1" class="com.sonarwallet.qa.testcases.CreateWalletTest"/>
        <method signature="CreateWalletTest.TestCase2_2()[pri:1, instance:com.sonarwallet.qa.testcases.CreateWalletTest@25641d39]" name="TestCase2_2" class="com.sonarwallet.qa.testcases.CreateWalletTest"/>
        <method signature="CreateWalletTest.TestCase2_3()[pri:1, instance:com.sonarwallet.qa.testcases.CreateWalletTest@25641d39]" name="TestCase2_3" class="com.sonarwallet.qa.testcases.CreateWalletTest"/>
        <method signature="CreateWalletTest.TestCase3()[pri:1, instance:com.sonarwallet.qa.testcases.CreateWalletTest@25641d39]" name="TestCase3" class="com.sonarwallet.qa.testcases.CreateWalletTest"/>
        <method signature="CreateWalletTest.TestCase4()[pri:1, instance:com.sonarwallet.qa.testcases.CreateWalletTest@25641d39]" name="TestCase4" class="com.sonarwallet.qa.testcases.CreateWalletTest"/>
        <method signature="DashboardTest.TestCase09()[pri:1, instance:com.sonarwallet.qa.testcases.DashboardTest@791f145a]" name="TestCase09" class="com.sonarwallet.qa.testcases.DashboardTest"/>
        <method signature="DashboardTest.TestCase10()[pri:1, instance:com.sonarwallet.qa.testcases.DashboardTest@791f145a]" name="TestCase10" class="com.sonarwallet.qa.testcases.DashboardTest"/>
        <method signature="DashboardTest.TestCase26()[pri:1, instance:com.sonarwallet.qa.testcases.DashboardTest@791f145a]" name="TestCase26" class="com.sonarwallet.qa.testcases.DashboardTest"/>
        <method signature="DirectSendTest.TestCase11()[pri:1, instance:com.sonarwallet.qa.testcases.DirectSendTest@4a883b15]" name="TestCase11" class="com.sonarwallet.qa.testcases.DirectSendTest"/>
        <method signature="DirectSendTest.TestCase20_1()[pri:1, instance:com.sonarwallet.qa.testcases.DirectSendTest@4a883b15]" name="TestCase20_1" class="com.sonarwallet.qa.testcases.DirectSendTest"/>
        <method signature="DirectSendTest.TestCase20_10()[pri:1, instance:com.sonarwallet.qa.testcases.DirectSendTest@4a883b15]" name="TestCase20_10" class="com.sonarwallet.qa.testcases.DirectSendTest"/>
        <method signature="DirectSendTest.TestCase20_11()[pri:1, instance:com.sonarwallet.qa.testcases.DirectSendTest@4a883b15]" name="TestCase20_11" class="com.sonarwallet.qa.testcases.DirectSendTest"/>
        <method signature="DirectSendTest.TestCase20_12()[pri:1, instance:com.sonarwallet.qa.testcases.DirectSendTest@4a883b15]" name="TestCase20_12" class="com.sonarwallet.qa.testcases.DirectSendTest"/>
        <method signature="DirectSendTest.TestCase20_2()[pri:1, instance:com.sonarwallet.qa.testcases.DirectSendTest@4a883b15]" name="TestCase20_2" class="com.sonarwallet.qa.testcases.DirectSendTest"/>
        <method signature="DirectSendTest.TestCase20_3()[pri:1, instance:com.sonarwallet.qa.testcases.DirectSendTest@4a883b15]" name="TestCase20_3" class="com.sonarwallet.qa.testcases.DirectSendTest"/>
        <method signature="DirectSendTest.TestCase20_4()[pri:1, instance:com.sonarwallet.qa.testcases.DirectSendTest@4a883b15]" name="TestCase20_4" class="com.sonarwallet.qa.testcases.DirectSendTest"/>
        <method signature="DirectSendTest.TestCase20_5()[pri:1, instance:com.sonarwallet.qa.testcases.DirectSendTest@4a883b15]" name="TestCase20_5" class="com.sonarwallet.qa.testcases.DirectSendTest"/>
        <method signature="DirectSendTest.TestCase20_6()[pri:1, instance:com.sonarwallet.qa.testcases.DirectSendTest@4a883b15]" name="TestCase20_6" class="com.sonarwallet.qa.testcases.DirectSendTest"/>
        <method signature="DirectSendTest.TestCase20_7()[pri:1, instance:com.sonarwallet.qa.testcases.DirectSendTest@4a883b15]" name="TestCase20_7" class="com.sonarwallet.qa.testcases.DirectSendTest"/>
        <method signature="DirectSendTest.TestCase20_8()[pri:1, instance:com.sonarwallet.qa.testcases.DirectSendTest@4a883b15]" name="TestCase20_8" class="com.sonarwallet.qa.testcases.DirectSendTest"/>
        <method signature="DirectSendTest.TestCase20_9()[pri:1, instance:com.sonarwallet.qa.testcases.DirectSendTest@4a883b15]" name="TestCase20_9" class="com.sonarwallet.qa.testcases.DirectSendTest"/>
        <method signature="DirectSendTest.TestCase21()[pri:1, instance:com.sonarwallet.qa.testcases.DirectSendTest@4a883b15]" name="TestCase21" class="com.sonarwallet.qa.testcases.DirectSendTest"/>
        <method signature="EditTokenTest.TestCase16()[pri:1, instance:com.sonarwallet.qa.testcases.EditTokenTest@4b45a2f5]" name="TestCase16" class="com.sonarwallet.qa.testcases.EditTokenTest"/>
        <method signature="EditTokenTest.TestCase17_with_BnB()[pri:1, instance:com.sonarwallet.qa.testcases.EditTokenTest@4b45a2f5]" name="TestCase17_with_BnB" class="com.sonarwallet.qa.testcases.EditTokenTest"/>
        <method signature="EditTokenTest.TestCase17_with_eth()[pri:1, instance:com.sonarwallet.qa.testcases.EditTokenTest@4b45a2f5]" name="TestCase17_with_eth" class="com.sonarwallet.qa.testcases.EditTokenTest"/>
        <method signature="ImportWalletTest.TestCase5()[pri:1, instance:com.sonarwallet.qa.testcases.ImportWalletTest@1e0b4072]" name="TestCase5" class="com.sonarwallet.qa.testcases.ImportWalletTest"/>
        <method signature="ImportWalletTest.TestCase6()[pri:1, instance:com.sonarwallet.qa.testcases.ImportWalletTest@1e0b4072]" name="TestCase6" class="com.sonarwallet.qa.testcases.ImportWalletTest"/>
        <method signature="SettingTest.TestCase27()[pri:1, instance:com.sonarwallet.qa.testcases.SettingTest@38cee291]" name="TestCase27" class="com.sonarwallet.qa.testcases.SettingTest"/>
      </group> <!-- Regression -->
    </groups>
    <test started-at="2023-03-16T17:07:00 PKT" name="Sonar Wallet Test Cases" finished-at="2023-03-16T17:46:17 PKT" duration-ms="2357348">
      <class name="com.sonarwallet.qa.testcases.DashboardTest">
        <test-method is-config="true" signature="setUp()[pri:0, instance:com.sonarwallet.qa.testcases.DashboardTest@791f145a]" started-at="2023-03-16T17:34:14 PKT" name="setUp" finished-at="2023-03-16T17:34:31 PKT" duration-ms="17214" status="PASS">
          <reporter-output>
          </reporter-output>
        </test-method> <!-- setUp -->
        <test-method signature="TestCase09()[pri:1, instance:com.sonarwallet.qa.testcases.DashboardTest@791f145a]" started-at="2023-03-16T17:34:31 PKT" name="TestCase09" description="Test Case Description: Dashboard Header items" finished-at="2023-03-16T17:34:32 PKT" duration-ms="346" status="PASS">
          <reporter-output>
          </reporter-output>
        </test-method> <!-- TestCase09 -->
        <test-method is-config="true" signature="tearDown()[pri:0, instance:com.sonarwallet.qa.testcases.DashboardTest@791f145a]" started-at="2023-03-16T17:34:32 PKT" name="tearDown" finished-at="2023-03-16T17:34:32 PKT" duration-ms="309" status="PASS">
          <reporter-output>
          </reporter-output>
        </test-method> <!-- tearDown -->
        <test-method is-config="true" signature="setUp()[pri:0, instance:com.sonarwallet.qa.testcases.DashboardTest@791f145a]" started-at="2023-03-16T17:34:32 PKT" name="setUp" finished-at="2023-03-16T17:34:49 PKT" duration-ms="16862" status="PASS">
          <reporter-output>
          </reporter-output>
        </test-method> <!-- setUp -->
        <test-method retried="true" signature="TestCase10()[pri:1, instance:com.sonarwallet.qa.testcases.DashboardTest@791f145a]" started-at="2023-03-16T17:34:49 PKT" name="TestCase10" description="Test Case Description: Dashboard View" finished-at="2023-03-16T17:34:51 PKT" duration-ms="2205" status="SKIP">
          <exception class="org.openqa.selenium.ElementClickInterceptedException">
            <message>
              <![CDATA[element click intercepted: Element <div class="MuiButtonBase-root MuiAccordionSummary-root css-7zmsdl" tabindex="0" role="button" aria-expanded="false" id="RenderChainsList-ChainAccordionSummary-2">...</div> is not clickable at point (683, 551). Other element would receive the click: <div class="my-tokens-list trans-default bezier-in-out" style="height: unset;">...</div>
  (Session info: chrome=111.0.5563.65)
Build info: version: '4.7.1', revision: 'c6795baf1a3'
System info: os.name: 'Windows 10', os.arch: 'amd64', os.version: '10.0', java.version: '17.0.5'
Driver info: org.openqa.selenium.chrome.ChromeDriver
Command: [c52a8a6c43d4886c27e9272dd860ce8b, clickElement {id=7ed42857-6a21-4b1e-a668-d6b1381d2cb7}]
Capabilities {acceptInsecureCerts: false, browserName: chrome, browserVersion: 111.0.5563.65, chrome: {chromedriverVersion: 111.0.5563.64 (c710e93d5b63..., userDataDir: C:\Users\COREI-~1\AppData\L...}, goog:chromeOptions: {debuggerAddress: localhost:61562}, networkConnectionEnabled: false, pageLoadStrategy: normal, platformName: WINDOWS, proxy: Proxy(), se:cdp: ws://localhost:61562/devtoo..., se:cdpVersion: 111.0.5563.65, setWindowRect: true, strictFileInteractability: false, timeouts: {implicit: 0, pageLoad: 300000, script: 30000}, unhandledPromptBehavior: dismiss and notify, webauthn:extension:credBlob: true, webauthn:extension:largeBlob: true, webauthn:extension:minPinLength: true, webauthn:extension:prf: true, webauthn:virtualAuthenticators: true}
Element: [[ChromeDriver: chrome on WINDOWS (c52a8a6c43d4886c27e9272dd860ce8b)] -> id: RenderChainsList-ChainAccordionSummary-2]
Session ID: c52a8a6c43d4886c27e9272dd860ce8b]]>
            </message>
            <full-stacktrace>
              <![CDATA[org.openqa.selenium.ElementClickInterceptedException: element click intercepted: Element <div class="MuiButtonBase-root MuiAccordionSummary-root css-7zmsdl" tabindex="0" role="button" aria-expanded="false" id="RenderChainsList-ChainAccordionSummary-2">...</div> is not clickable at point (683, 551). Other element would receive the click: <div class="my-tokens-list trans-default bezier-in-out" style="height: unset;">...</div>
  (Session info: chrome=111.0.5563.65)
Build info: version: '4.7.1', revision: 'c6795baf1a3'
System info: os.name: 'Windows 10', os.arch: 'amd64', os.version: '10.0', java.version: '17.0.5'
Driver info: org.openqa.selenium.chrome.ChromeDriver
Command: [c52a8a6c43d4886c27e9272dd860ce8b, clickElement {id=7ed42857-6a21-4b1e-a668-d6b1381d2cb7}]
Capabilities {acceptInsecureCerts: false, browserName: chrome, browserVersion: 111.0.5563.65, chrome: {chromedriverVersion: 111.0.5563.64 (c710e93d5b63..., userDataDir: C:\Users\COREI-~1\AppData\L...}, goog:chromeOptions: {debuggerAddress: localhost:61562}, networkConnectionEnabled: false, pageLoadStrategy: normal, platformName: WINDOWS, proxy: Proxy(), se:cdp: ws://localhost:61562/devtoo..., se:cdpVersion: 111.0.5563.65, setWindowRect: true, strictFileInteractability: false, timeouts: {implicit: 0, pageLoad: 300000, script: 30000}, unhandledPromptBehavior: dismiss and notify, webauthn:extension:credBlob: true, webauthn:extension:largeBlob: true, webauthn:extension:minPinLength: true, webauthn:extension:prf: true, webauthn:virtualAuthenticators: true}
Element: [[ChromeDriver: chrome on WINDOWS (c52a8a6c43d4886c27e9272dd860ce8b)] -> id: RenderChainsList-ChainAccordionSummary-2]
Session ID: c52a8a6c43d4886c27e9272dd860ce8b
at java.base/jdk.internal.reflect.NativeConstructorAccessorImpl.newInstance0(Native Method)
at java.base/jdk.internal.reflect.NativeConstructorAccessorImpl.newInstance(NativeConstructorAccessorImpl.java:77)
at java.base/jdk.internal.reflect.DelegatingConstructorAccessorImpl.newInstance(DelegatingConstructorAccessorImpl.java:45)
at java.base/java.lang.reflect.Constructor.newInstanceWithCaller(Constructor.java:499)
at java.base/java.lang.reflect.Constructor.newInstance(Constructor.java:480)
at org.openqa.selenium.remote.codec.w3c.W3CHttpResponseCodec.createException(W3CHttpResponseCodec.java:200)
at org.openqa.selenium.remote.codec.w3c.W3CHttpResponseCodec.decode(W3CHttpResponseCodec.java:133)
at org.openqa.selenium.remote.codec.w3c.W3CHttpResponseCodec.decode(W3CHttpResponseCodec.java:53)
at org.openqa.selenium.remote.HttpCommandExecutor.execute(HttpCommandExecutor.java:184)
at org.openqa.selenium.remote.service.DriverCommandExecutor.invokeExecute(DriverCommandExecutor.java:167)
at org.openqa.selenium.remote.service.DriverCommandExecutor.execute(DriverCommandExecutor.java:142)
at org.openqa.selenium.remote.RemoteWebDriver.execute(RemoteWebDriver.java:551)
at org.openqa.selenium.remote.RemoteWebElement.execute(RemoteWebElement.java:257)
at org.openqa.selenium.remote.RemoteWebElement.click(RemoteWebElement.java:78)
at jdk.internal.reflect.GeneratedMethodAccessor1.invoke(Unknown Source)
at java.base/jdk.internal.reflect.DelegatingMethodAccessorImpl.invoke(DelegatingMethodAccessorImpl.java:43)
at java.base/java.lang.reflect.Method.invoke(Method.java:568)
at org.openqa.selenium.support.events.EventFiringWebDriver$EventFiringWebElement.lambda$new$0(EventFiringWebDriver.java:378)
at jdk.proxy2/jdk.proxy2.$Proxy19.click(Unknown Source)
at org.openqa.selenium.support.events.EventFiringWebDriver$EventFiringWebElement.click(EventFiringWebDriver.java:391)
at jdk.internal.reflect.GeneratedMethodAccessor1.invoke(Unknown Source)
at java.base/jdk.internal.reflect.DelegatingMethodAccessorImpl.invoke(DelegatingMethodAccessorImpl.java:43)
at java.base/java.lang.reflect.Method.invoke(Method.java:568)
at org.openqa.selenium.support.pagefactory.internal.LocatingElementHandler.invoke(LocatingElementHandler.java:52)
at jdk.proxy2/jdk.proxy2.$Proxy18.click(Unknown Source)
at com.sonarwallet.qa.pages.Dashboard.PolygonChainExpand(Dashboard.java:187)
at com.sonarwallet.qa.testcases.DashboardTest.TestCase10(DashboardTest.java:69)
at java.base/jdk.internal.reflect.NativeMethodAccessorImpl.invoke0(Native Method)
at java.base/jdk.internal.reflect.NativeMethodAccessorImpl.invoke(NativeMethodAccessorImpl.java:77)
at java.base/jdk.internal.reflect.DelegatingMethodAccessorImpl.invoke(DelegatingMethodAccessorImpl.java:43)
at java.base/java.lang.reflect.Method.invoke(Method.java:568)
at org.testng.internal.MethodInvocationHelper.invokeMethod(MethodInvocationHelper.java:133)
at org.testng.internal.TestInvoker.invokeMethod(TestInvoker.java:598)
at org.testng.internal.TestInvoker.invokeTestMethod(TestInvoker.java:173)
at org.testng.internal.MethodRunner.runInSequence(MethodRunner.java:46)
at org.testng.internal.TestInvoker$MethodInvocationAgent.invoke(TestInvoker.java:824)
at org.testng.internal.TestInvoker.invokeTestMethods(TestInvoker.java:146)
at org.testng.internal.TestMethodWorker.invokeTestMethods(TestMethodWorker.java:146)
at org.testng.internal.TestMethodWorker.run(TestMethodWorker.java:128)
at java.base/java.util.ArrayList.forEach(ArrayList.java:1511)
at org.testng.TestRunner.privateRun(TestRunner.java:794)
at org.testng.TestRunner.run(TestRunner.java:596)
at org.testng.SuiteRunner.runTest(SuiteRunner.java:377)
at org.testng.SuiteRunner.runSequentially(SuiteRunner.java:371)
at org.testng.SuiteRunner.privateRun(SuiteRunner.java:332)
at org.testng.SuiteRunner.run(SuiteRunner.java:276)
at org.testng.SuiteRunnerWorker.runSuite(SuiteRunnerWorker.java:53)
at org.testng.SuiteRunnerWorker.run(SuiteRunnerWorker.java:96)
at org.testng.TestNG.runSuitesSequentially(TestNG.java:1212)
at org.testng.TestNG.runSuitesLocally(TestNG.java:1134)
at org.testng.TestNG.runSuites(TestNG.java:1063)
at org.testng.TestNG.run(TestNG.java:1031)
at org.testng.remote.AbstractRemoteTestNG.run(AbstractRemoteTestNG.java:115)
at org.testng.remote.RemoteTestNG.initAndRun(RemoteTestNG.java:251)
at org.testng.remote.RemoteTestNG.main(RemoteTestNG.java:77)
]]>
            </full-stacktrace>
          </exception> <!-- org.openqa.selenium.ElementClickInterceptedException -->
          <reporter-output>
          </reporter-output>
        </test-method> <!-- TestCase10 -->
        <test-method is-config="true" signature="tearDown()[pri:0, instance:com.sonarwallet.qa.testcases.DashboardTest@791f145a]" started-at="2023-03-16T17:34:51 PKT" name="tearDown" finished-at="2023-03-16T17:34:51 PKT" duration-ms="195" status="PASS">
          <reporter-output>
          </reporter-output>
        </test-method> <!-- tearDown -->
        <test-method is-config="true" signature="setUp()[pri:0, instance:com.sonarwallet.qa.testcases.DashboardTest@791f145a]" started-at="2023-03-16T17:34:51 PKT" name="setUp" finished-at="2023-03-16T17:35:07 PKT" duration-ms="15681" status="PASS">
          <reporter-output>
          </reporter-output>
        </test-method> <!-- setUp -->
        <test-method signature="TestCase10()[pri:1, instance:com.sonarwallet.qa.testcases.DashboardTest@791f145a]" started-at="2023-03-16T17:35:07 PKT" name="TestCase10" description="Test Case Description: Dashboard View" finished-at="2023-03-16T17:35:09 PKT" duration-ms="2374" status="PASS">
          <reporter-output>
          </reporter-output>
        </test-method> <!-- TestCase10 -->
        <test-method is-config="true" signature="tearDown()[pri:0, instance:com.sonarwallet.qa.testcases.DashboardTest@791f145a]" started-at="2023-03-16T17:35:09 PKT" name="tearDown" finished-at="2023-03-16T17:35:11 PKT" duration-ms="1266" status="PASS">
          <reporter-output>
          </reporter-output>
        </test-method> <!-- tearDown -->
        <test-method is-config="true" signature="setUp()[pri:0, instance:com.sonarwallet.qa.testcases.DashboardTest@791f145a]" started-at="2023-03-16T17:35:11 PKT" name="setUp" finished-at="2023-03-16T17:35:27 PKT" duration-ms="16263" status="PASS">
          <reporter-output>
          </reporter-output>
        </test-method> <!-- setUp -->
        <test-method signature="TestCase26()[pri:1, instance:com.sonarwallet.qa.testcases.DashboardTest@791f145a]" started-at="2023-03-16T17:35:27 PKT" name="TestCase26" description="Test Case Description: Send Transaction Of BNB non Native Token" finished-at="2023-03-16T17:35:29 PKT" duration-ms="2153" status="PASS">
          <reporter-output>
          </reporter-output>
        </test-method> <!-- TestCase26 -->
        <test-method is-config="true" signature="tearDown()[pri:0, instance:com.sonarwallet.qa.testcases.DashboardTest@791f145a]" started-at="2023-03-16T17:35:29 PKT" name="tearDown" finished-at="2023-03-16T17:35:29 PKT" duration-ms="382" status="PASS">
          <reporter-output>
          </reporter-output>
        </test-method> <!-- tearDown -->
      </class> <!-- com.sonarwallet.qa.testcases.DashboardTest -->
      <class name="com.sonarwallet.qa.testcases.EditTokenTest">
        <test-method is-config="true" signature="setUp()[pri:0, instance:com.sonarwallet.qa.testcases.EditTokenTest@4b45a2f5]" started-at="2023-03-16T17:35:48 PKT" name="setUp" finished-at="2023-03-16T17:36:15 PKT" duration-ms="26763" status="PASS">
          <reporter-output>
          </reporter-output>
        </test-method> <!-- setUp -->
        <test-method signature="TestCase16()[pri:1, instance:com.sonarwallet.qa.testcases.EditTokenTest@4b45a2f5]" started-at="2023-03-16T17:36:15 PKT" name="TestCase16" description="Test Case Description: Edit Token List" finished-at="2023-03-16T17:37:42 PKT" duration-ms="87335" status="PASS">
          <reporter-output>
          </reporter-output>
        </test-method> <!-- TestCase16 -->
        <test-method is-config="true" signature="tearDown()[pri:0, instance:com.sonarwallet.qa.testcases.EditTokenTest@4b45a2f5]" started-at="2023-03-16T17:37:42 PKT" name="tearDown" finished-at="2023-03-16T17:37:42 PKT" duration-ms="321" status="PASS">
          <reporter-output>
          </reporter-output>
        </test-method> <!-- tearDown -->
        <test-method is-config="true" signature="setUp()[pri:0, instance:com.sonarwallet.qa.testcases.EditTokenTest@4b45a2f5]" started-at="2023-03-16T17:37:42 PKT" name="setUp" finished-at="2023-03-16T17:38:09 PKT" duration-ms="26765" status="PASS">
          <reporter-output>
          </reporter-output>
        </test-method> <!-- setUp -->
        <test-method signature="TestCase17_with_BnB()[pri:1, instance:com.sonarwallet.qa.testcases.EditTokenTest@4b45a2f5]" started-at="2023-03-16T17:38:09 PKT" name="TestCase17_with_BnB" description="Test Case Description: Add Custom BnB Token" finished-at="2023-03-16T17:38:51 PKT" duration-ms="41838" status="PASS">
          <reporter-output>
          </reporter-output>
        </test-method> <!-- TestCase17_with_BnB -->
        <test-method is-config="true" signature="tearDown()[pri:0, instance:com.sonarwallet.qa.testcases.EditTokenTest@4b45a2f5]" started-at="2023-03-16T17:38:51 PKT" name="tearDown" finished-at="2023-03-16T17:38:51 PKT" duration-ms="307" status="PASS">
          <reporter-output>
          </reporter-output>
        </test-method> <!-- tearDown -->
        <test-method is-config="true" signature="setUp()[pri:0, instance:com.sonarwallet.qa.testcases.EditTokenTest@4b45a2f5]" started-at="2023-03-16T17:38:51 PKT" name="setUp" finished-at="2023-03-16T17:39:20 PKT" duration-ms="28777" status="PASS">
          <reporter-output>
          </reporter-output>
        </test-method> <!-- setUp -->
        <test-method signature="TestCase17_with_eth()[pri:1, instance:com.sonarwallet.qa.testcases.EditTokenTest@4b45a2f5]" started-at="2023-03-16T17:39:20 PKT" name="TestCase17_with_eth" description="Test Case Description: Add Custom ETH Token" finished-at="2023-03-16T17:39:56 PKT" duration-ms="35591" status="PASS">
          <reporter-output>
          </reporter-output>
        </test-method> <!-- TestCase17_with_eth -->
        <test-method is-config="true" signature="tearDown()[pri:0, instance:com.sonarwallet.qa.testcases.EditTokenTest@4b45a2f5]" started-at="2023-03-16T17:39:56 PKT" name="tearDown" finished-at="2023-03-16T17:39:56 PKT" duration-ms="292" status="PASS">
          <reporter-output>
          </reporter-output>
        </test-method> <!-- tearDown -->
      </class> <!-- com.sonarwallet.qa.testcases.EditTokenTest -->
      <class name="com.sonarwallet.qa.testcases.CreateWalletTest">
        <test-method is-config="true" signature="setUp()[pri:0, instance:com.sonarwallet.qa.testcases.CreateWalletTest@25641d39]" started-at="2023-03-16T17:31:23 PKT" name="setUp" finished-at="2023-03-16T17:31:27 PKT" duration-ms="4375" status="PASS">
          <reporter-output>
          </reporter-output>
        </test-method> <!-- setUp -->
        <test-method signature="TestCase1()[pri:1, instance:com.sonarwallet.qa.testcases.CreateWalletTest@25641d39]" started-at="2023-03-16T17:31:27 PKT" name="TestCase1" description="Test Case Description: Signup/onboarding for New User" finished-at="2023-03-16T17:31:33 PKT" duration-ms="6019" status="PASS">
          <reporter-output>
          </reporter-output>
        </test-method> <!-- TestCase1 -->
        <test-method is-config="true" signature="tearDown()[pri:0, instance:com.sonarwallet.qa.testcases.CreateWalletTest@25641d39]" started-at="2023-03-16T17:31:33 PKT" name="tearDown" finished-at="2023-03-16T17:31:33 PKT" duration-ms="336" status="PASS">
          <reporter-output>
          </reporter-output>
        </test-method> <!-- tearDown -->
        <test-method is-config="true" signature="setUp()[pri:0, instance:com.sonarwallet.qa.testcases.CreateWalletTest@25641d39]" started-at="2023-03-16T17:31:33 PKT" name="setUp" finished-at="2023-03-16T17:31:37 PKT" duration-ms="3821" status="PASS">
          <reporter-output>
          </reporter-output>
        </test-method> <!-- setUp -->
        <test-method signature="TestCase2_1()[pri:1, instance:com.sonarwallet.qa.testcases.CreateWalletTest@25641d39]" started-at="2023-03-16T17:31:37 PKT" name="TestCase2_1" description="Test Case Description: Signup/onboarding for New User With Invalid Password" finished-at="2023-03-16T17:31:41 PKT" duration-ms="4222" status="PASS">
          <reporter-output>
          </reporter-output>
        </test-method> <!-- TestCase2_1 -->
        <test-method is-config="true" signature="tearDown()[pri:0, instance:com.sonarwallet.qa.testcases.CreateWalletTest@25641d39]" started-at="2023-03-16T17:31:41 PKT" name="tearDown" finished-at="2023-03-16T17:31:42 PKT" duration-ms="317" status="PASS">
          <reporter-output>
          </reporter-output>
        </test-method> <!-- tearDown -->
        <test-method is-config="true" signature="setUp()[pri:0, instance:com.sonarwallet.qa.testcases.CreateWalletTest@25641d39]" started-at="2023-03-16T17:31:42 PKT" name="setUp" finished-at="2023-03-16T17:31:46 PKT" duration-ms="4217" status="PASS">
          <reporter-output>
          </reporter-output>
        </test-method> <!-- setUp -->
        <test-method signature="TestCase2_2()[pri:1, instance:com.sonarwallet.qa.testcases.CreateWalletTest@25641d39]" started-at="2023-03-16T17:31:46 PKT" name="TestCase2_2" description="Test Case Description: Signup/onboarding for New User With Null Password" finished-at="2023-03-16T17:31:50 PKT" duration-ms="4210" status="PASS">
          <reporter-output>
          </reporter-output>
        </test-method> <!-- TestCase2_2 -->
        <test-method is-config="true" signature="tearDown()[pri:0, instance:com.sonarwallet.qa.testcases.CreateWalletTest@25641d39]" started-at="2023-03-16T17:31:50 PKT" name="tearDown" finished-at="2023-03-16T17:31:50 PKT" duration-ms="250" status="PASS">
          <reporter-output>
          </reporter-output>
        </test-method> <!-- tearDown -->
        <test-method is-config="true" signature="setUp()[pri:0, instance:com.sonarwallet.qa.testcases.CreateWalletTest@25641d39]" started-at="2023-03-16T17:31:50 PKT" name="setUp" finished-at="2023-03-16T17:31:54 PKT" duration-ms="3498" status="PASS">
          <reporter-output>
          </reporter-output>
        </test-method> <!-- setUp -->
        <test-method signature="TestCase2_3()[pri:1, instance:com.sonarwallet.qa.testcases.CreateWalletTest@25641d39]" started-at="2023-03-16T17:31:54 PKT" name="TestCase2_3" description="Test Case Description: Signup/onboarding for New User With Invalid Confirm Password" finished-at="2023-03-16T17:31:59 PKT" duration-ms="4928" status="PASS">
          <reporter-output>
          </reporter-output>
        </test-method> <!-- TestCase2_3 -->
        <test-method is-config="true" signature="tearDown()[pri:0, instance:com.sonarwallet.qa.testcases.CreateWalletTest@25641d39]" started-at="2023-03-16T17:31:59 PKT" name="tearDown" finished-at="2023-03-16T17:31:59 PKT" duration-ms="230" status="PASS">
          <reporter-output>
          </reporter-output>
        </test-method> <!-- tearDown -->
        <test-method is-config="true" signature="setUp()[pri:0, instance:com.sonarwallet.qa.testcases.CreateWalletTest@25641d39]" started-at="2023-03-16T17:31:59 PKT" name="setUp" finished-at="2023-03-16T17:32:03 PKT" duration-ms="4202" status="PASS">
          <reporter-output>
          </reporter-output>
        </test-method> <!-- setUp -->
        <test-method signature="TestCase3()[pri:1, instance:com.sonarwallet.qa.testcases.CreateWalletTest@25641d39]" started-at="2023-03-16T17:32:03 PKT" name="TestCase3" description="Test Case Description: Create New Wallet" finished-at="2023-03-16T17:32:16 PKT" duration-ms="12688" status="PASS">
          <reporter-output>
          </reporter-output>
        </test-method> <!-- TestCase3 -->
        <test-method is-config="true" signature="tearDown()[pri:0, instance:com.sonarwallet.qa.testcases.CreateWalletTest@25641d39]" started-at="2023-03-16T17:32:16 PKT" name="tearDown" finished-at="2023-03-16T17:32:16 PKT" duration-ms="427" status="PASS">
          <reporter-output>
          </reporter-output>
        </test-method> <!-- tearDown -->
        <test-method is-config="true" signature="setUp()[pri:0, instance:com.sonarwallet.qa.testcases.CreateWalletTest@25641d39]" started-at="2023-03-16T17:32:16 PKT" name="setUp" finished-at="2023-03-16T17:32:21 PKT" duration-ms="4476" status="PASS">
          <reporter-output>
          </reporter-output>
        </test-method> <!-- setUp -->
        <test-method retried="true" signature="TestCase4()[pri:1, instance:com.sonarwallet.qa.testcases.CreateWalletTest@25641d39]" started-at="2023-03-16T17:32:21 PKT" name="TestCase4" description="Test Case Description: Create New Wallet with wrong seed phrase" finished-at="2023-03-16T17:33:30 PKT" duration-ms="68898" status="SKIP">
          <exception class="org.openqa.selenium.ElementNotInteractableException">
            <message>
              <![CDATA[element not interactable
  (Session info: chrome=111.0.5563.65)
Build info: version: '4.7.1', revision: 'c6795baf1a3'
System info: os.name: 'Windows 10', os.arch: 'amd64', os.version: '10.0', java.version: '17.0.5'
Driver info: org.openqa.selenium.chrome.ChromeDriver
Command: [13c3c0ebc4d6f329d7471172de7672f9, clickElement {id=5e61fe24-e70f-4dae-9826-1144d82168f8}]
Capabilities {acceptInsecureCerts: false, browserName: chrome, browserVersion: 111.0.5563.65, chrome: {chromedriverVersion: 111.0.5563.64 (c710e93d5b63..., userDataDir: C:\Users\COREI-~1\AppData\L...}, goog:chromeOptions: {debuggerAddress: localhost:61379}, networkConnectionEnabled: false, pageLoadStrategy: normal, platformName: WINDOWS, proxy: Proxy(), se:cdp: ws://localhost:61379/devtoo..., se:cdpVersion: 111.0.5563.65, setWindowRect: true, strictFileInteractability: false, timeouts: {implicit: 0, pageLoad: 300000, script: 30000}, unhandledPromptBehavior: dismiss and notify, webauthn:extension:credBlob: true, webauthn:extension:largeBlob: true, webauthn:extension:minPinLength: true, webauthn:extension:prf: true, webauthn:virtualAuthenticators: true}
Element: [[ChromeDriver: chrome on WINDOWS (13c3c0ebc4d6f329d7471172de7672f9)] -> xpath: //*[ contains (text(),'fade')]]
Session ID: 13c3c0ebc4d6f329d7471172de7672f9]]>
            </message>
            <full-stacktrace>
              <![CDATA[org.openqa.selenium.ElementNotInteractableException: element not interactable
  (Session info: chrome=111.0.5563.65)
Build info: version: '4.7.1', revision: 'c6795baf1a3'
System info: os.name: 'Windows 10', os.arch: 'amd64', os.version: '10.0', java.version: '17.0.5'
Driver info: org.openqa.selenium.chrome.ChromeDriver
Command: [13c3c0ebc4d6f329d7471172de7672f9, clickElement {id=5e61fe24-e70f-4dae-9826-1144d82168f8}]
Capabilities {acceptInsecureCerts: false, browserName: chrome, browserVersion: 111.0.5563.65, chrome: {chromedriverVersion: 111.0.5563.64 (c710e93d5b63..., userDataDir: C:\Users\COREI-~1\AppData\L...}, goog:chromeOptions: {debuggerAddress: localhost:61379}, networkConnectionEnabled: false, pageLoadStrategy: normal, platformName: WINDOWS, proxy: Proxy(), se:cdp: ws://localhost:61379/devtoo..., se:cdpVersion: 111.0.5563.65, setWindowRect: true, strictFileInteractability: false, timeouts: {implicit: 0, pageLoad: 300000, script: 30000}, unhandledPromptBehavior: dismiss and notify, webauthn:extension:credBlob: true, webauthn:extension:largeBlob: true, webauthn:extension:minPinLength: true, webauthn:extension:prf: true, webauthn:virtualAuthenticators: true}
Element: [[ChromeDriver: chrome on WINDOWS (13c3c0ebc4d6f329d7471172de7672f9)] -> xpath: //*[ contains (text(),'fade')]]
Session ID: 13c3c0ebc4d6f329d7471172de7672f9
at java.base/jdk.internal.reflect.NativeConstructorAccessorImpl.newInstance0(Native Method)
at java.base/jdk.internal.reflect.NativeConstructorAccessorImpl.newInstance(NativeConstructorAccessorImpl.java:77)
at java.base/jdk.internal.reflect.DelegatingConstructorAccessorImpl.newInstance(DelegatingConstructorAccessorImpl.java:45)
at java.base/java.lang.reflect.Constructor.newInstanceWithCaller(Constructor.java:499)
at java.base/java.lang.reflect.Constructor.newInstance(Constructor.java:480)
at org.openqa.selenium.remote.codec.w3c.W3CHttpResponseCodec.createException(W3CHttpResponseCodec.java:200)
at org.openqa.selenium.remote.codec.w3c.W3CHttpResponseCodec.decode(W3CHttpResponseCodec.java:133)
at org.openqa.selenium.remote.codec.w3c.W3CHttpResponseCodec.decode(W3CHttpResponseCodec.java:53)
at org.openqa.selenium.remote.HttpCommandExecutor.execute(HttpCommandExecutor.java:184)
at org.openqa.selenium.remote.service.DriverCommandExecutor.invokeExecute(DriverCommandExecutor.java:167)
at org.openqa.selenium.remote.service.DriverCommandExecutor.execute(DriverCommandExecutor.java:142)
at org.openqa.selenium.remote.RemoteWebDriver.execute(RemoteWebDriver.java:551)
at org.openqa.selenium.remote.RemoteWebElement.execute(RemoteWebElement.java:257)
at org.openqa.selenium.remote.RemoteWebElement.click(RemoteWebElement.java:78)
at jdk.internal.reflect.GeneratedMethodAccessor1.invoke(Unknown Source)
at java.base/jdk.internal.reflect.DelegatingMethodAccessorImpl.invoke(DelegatingMethodAccessorImpl.java:43)
at java.base/java.lang.reflect.Method.invoke(Method.java:568)
at org.openqa.selenium.support.events.EventFiringWebDriver$EventFiringWebElement.lambda$new$0(EventFiringWebDriver.java:378)
at jdk.proxy2/jdk.proxy2.$Proxy19.click(Unknown Source)
at org.openqa.selenium.support.events.EventFiringWebDriver$EventFiringWebElement.click(EventFiringWebDriver.java:391)
at com.sonarwallet.qa.pages.CreateWallet.getseedphraseWronglist(CreateWallet.java:205)
at com.sonarwallet.qa.testcases.CreateWalletTest.TestCase4(CreateWalletTest.java:123)
at java.base/jdk.internal.reflect.NativeMethodAccessorImpl.invoke0(Native Method)
at java.base/jdk.internal.reflect.NativeMethodAccessorImpl.invoke(NativeMethodAccessorImpl.java:77)
at java.base/jdk.internal.reflect.DelegatingMethodAccessorImpl.invoke(DelegatingMethodAccessorImpl.java:43)
at java.base/java.lang.reflect.Method.invoke(Method.java:568)
at org.testng.internal.MethodInvocationHelper.invokeMethod(MethodInvocationHelper.java:133)
at org.testng.internal.TestInvoker.invokeMethod(TestInvoker.java:598)
at org.testng.internal.TestInvoker.invokeTestMethod(TestInvoker.java:173)
at org.testng.internal.MethodRunner.runInSequence(MethodRunner.java:46)
at org.testng.internal.TestInvoker$MethodInvocationAgent.invoke(TestInvoker.java:824)
at org.testng.internal.TestInvoker.invokeTestMethods(TestInvoker.java:146)
at org.testng.internal.TestMethodWorker.invokeTestMethods(TestMethodWorker.java:146)
at org.testng.internal.TestMethodWorker.run(TestMethodWorker.java:128)
at java.base/java.util.ArrayList.forEach(ArrayList.java:1511)
at org.testng.TestRunner.privateRun(TestRunner.java:794)
at org.testng.TestRunner.run(TestRunner.java:596)
at org.testng.SuiteRunner.runTest(SuiteRunner.java:377)
at org.testng.SuiteRunner.runSequentially(SuiteRunner.java:371)
at org.testng.SuiteRunner.privateRun(SuiteRunner.java:332)
at org.testng.SuiteRunner.run(SuiteRunner.java:276)
at org.testng.SuiteRunnerWorker.runSuite(SuiteRunnerWorker.java:53)
at org.testng.SuiteRunnerWorker.run(SuiteRunnerWorker.java:96)
at org.testng.TestNG.runSuitesSequentially(TestNG.java:1212)
at org.testng.TestNG.runSuitesLocally(TestNG.java:1134)
at org.testng.TestNG.runSuites(TestNG.java:1063)
at org.testng.TestNG.run(TestNG.java:1031)
at org.testng.remote.AbstractRemoteTestNG.run(AbstractRemoteTestNG.java:115)
at org.testng.remote.RemoteTestNG.initAndRun(RemoteTestNG.java:251)
at org.testng.remote.RemoteTestNG.main(RemoteTestNG.java:77)
]]>
            </full-stacktrace>
          </exception> <!-- org.openqa.selenium.ElementNotInteractableException -->
          <reporter-output>
          </reporter-output>
        </test-method> <!-- TestCase4 -->
        <test-method is-config="true" signature="tearDown()[pri:0, instance:com.sonarwallet.qa.testcases.CreateWalletTest@25641d39]" started-at="2023-03-16T17:33:30 PKT" name="tearDown" finished-at="2023-03-16T17:33:30 PKT" duration-ms="248" status="PASS">
          <reporter-output>
          </reporter-output>
        </test-method> <!-- tearDown -->
        <test-method is-config="true" signature="setUp()[pri:0, instance:com.sonarwallet.qa.testcases.CreateWalletTest@25641d39]" started-at="2023-03-16T17:33:30 PKT" name="setUp" finished-at="2023-03-16T17:33:34 PKT" duration-ms="3653" status="PASS">
          <reporter-output>
          </reporter-output>
        </test-method> <!-- setUp -->
        <test-method signature="TestCase4()[pri:1, instance:com.sonarwallet.qa.testcases.CreateWalletTest@25641d39]" started-at="2023-03-16T17:33:34 PKT" name="TestCase4" description="Test Case Description: Create New Wallet with wrong seed phrase" finished-at="2023-03-16T17:33:44 PKT" duration-ms="9840" status="PASS">
          <reporter-output>
          </reporter-output>
        </test-method> <!-- TestCase4 -->
        <test-method is-config="true" signature="tearDown()[pri:0, instance:com.sonarwallet.qa.testcases.CreateWalletTest@25641d39]" started-at="2023-03-16T17:33:44 PKT" name="tearDown" finished-at="2023-03-16T17:33:44 PKT" duration-ms="870" status="PASS">
          <reporter-output>
          </reporter-output>
        </test-method> <!-- tearDown -->
      </class> <!-- com.sonarwallet.qa.testcases.CreateWalletTest -->
      <class name="com.sonarwallet.qa.testcases.ManageWalletTest">
        <test-method is-config="true" signature="setUp()[pri:0, instance:com.sonarwallet.qa.testcases.ManageWalletTest@6c1a5b54]" started-at="2023-03-16T17:42:29 PKT" name="setUp" finished-at="2023-03-16T17:42:48 PKT" duration-ms="18230" status="PASS">
          <reporter-output>
          </reporter-output>
        </test-method> <!-- setUp -->
        <test-method signature="TestCase28()[pri:1, instance:com.sonarwallet.qa.testcases.ManageWalletTest@6c1a5b54]" started-at="2023-03-16T17:42:48 PKT" name="TestCase28" description="Test Case Description: Verify the working of Manage Wallet in Setting" finished-at="2023-03-16T17:42:51 PKT" duration-ms="2938" status="PASS">
          <reporter-output>
          </reporter-output>
        </test-method> <!-- TestCase28 -->
        <test-method is-config="true" signature="tearDown()[pri:0, instance:com.sonarwallet.qa.testcases.ManageWalletTest@6c1a5b54]" started-at="2023-03-16T17:42:51 PKT" name="tearDown" finished-at="2023-03-16T17:42:51 PKT" duration-ms="432" status="PASS">
          <reporter-output>
          </reporter-output>
        </test-method> <!-- tearDown -->
        <test-method is-config="true" signature="setUp()[pri:0, instance:com.sonarwallet.qa.testcases.ManageWalletTest@6c1a5b54]" started-at="2023-03-16T17:42:51 PKT" name="setUp" finished-at="2023-03-16T17:43:09 PKT" duration-ms="18171" status="PASS">
          <reporter-output>
          </reporter-output>
        </test-method> <!-- setUp -->
        <test-method signature="TestCase29()[pri:1, instance:com.sonarwallet.qa.testcases.ManageWalletTest@6c1a5b54]" started-at="2023-03-16T17:43:09 PKT" name="TestCase29" description="Test Case Description: Update wallet name" finished-at="2023-03-16T17:43:11 PKT" duration-ms="1974" status="PASS">
          <reporter-output>
          </reporter-output>
        </test-method> <!-- TestCase29 -->
        <test-method is-config="true" signature="tearDown()[pri:0, instance:com.sonarwallet.qa.testcases.ManageWalletTest@6c1a5b54]" started-at="2023-03-16T17:43:11 PKT" name="tearDown" finished-at="2023-03-16T17:43:12 PKT" duration-ms="451" status="PASS">
          <reporter-output>
          </reporter-output>
        </test-method> <!-- tearDown -->
        <test-method is-config="true" signature="setUp()[pri:0, instance:com.sonarwallet.qa.testcases.ManageWalletTest@6c1a5b54]" started-at="2023-03-16T17:43:12 PKT" name="setUp" finished-at="2023-03-16T17:43:30 PKT" duration-ms="18074" status="PASS">
          <reporter-output>
          </reporter-output>
        </test-method> <!-- setUp -->
        <test-method signature="TestCase30()[pri:1, instance:com.sonarwallet.qa.testcases.ManageWalletTest@6c1a5b54]" started-at="2023-03-16T17:43:30 PKT" name="TestCase30" description="Test Case Description: Reveal wallet secret phrase" finished-at="2023-03-16T17:43:32 PKT" duration-ms="2312" status="PASS">
          <reporter-output>
          </reporter-output>
        </test-method> <!-- TestCase30 -->
        <test-method is-config="true" signature="tearDown()[pri:0, instance:com.sonarwallet.qa.testcases.ManageWalletTest@6c1a5b54]" started-at="2023-03-16T17:43:32 PKT" name="tearDown" finished-at="2023-03-16T17:43:33 PKT" duration-ms="506" status="PASS">
          <reporter-output>
          </reporter-output>
        </test-method> <!-- tearDown -->
        <test-method is-config="true" signature="setUp()[pri:0, instance:com.sonarwallet.qa.testcases.ManageWalletTest@6c1a5b54]" started-at="2023-03-16T17:43:33 PKT" name="setUp" finished-at="2023-03-16T17:43:50 PKT" duration-ms="17600" status="PASS">
          <reporter-output>
          </reporter-output>
        </test-method> <!-- setUp -->
        <test-method signature="TestCase31()[pri:1, instance:com.sonarwallet.qa.testcases.ManageWalletTest@6c1a5b54]" started-at="2023-03-16T17:43:50 PKT" name="TestCase31" description="Test Case Description: Accounts Details - Manage wallet" finished-at="2023-03-16T17:43:51 PKT" duration-ms="1290" status="PASS">
          <reporter-output>
          </reporter-output>
        </test-method> <!-- TestCase31 -->
        <test-method is-config="true" signature="tearDown()[pri:0, instance:com.sonarwallet.qa.testcases.ManageWalletTest@6c1a5b54]" started-at="2023-03-16T17:43:51 PKT" name="tearDown" finished-at="2023-03-16T17:43:52 PKT" duration-ms="326" status="PASS">
          <reporter-output>
          </reporter-output>
        </test-method> <!-- tearDown -->
        <test-method is-config="true" signature="setUp()[pri:0, instance:com.sonarwallet.qa.testcases.ManageWalletTest@6c1a5b54]" started-at="2023-03-16T17:43:52 PKT" name="setUp" finished-at="2023-03-16T17:44:10 PKT" duration-ms="18009" status="PASS">
          <reporter-output>
          </reporter-output>
        </test-method> <!-- setUp -->
        <test-method signature="TestCase32()[pri:1, instance:com.sonarwallet.qa.testcases.ManageWalletTest@6c1a5b54]" started-at="2023-03-16T17:44:10 PKT" name="TestCase32" description="Test Case Description: Update account name in setting" finished-at="2023-03-16T17:44:11 PKT" duration-ms="1127" status="PASS">
          <reporter-output>
          </reporter-output>
        </test-method> <!-- TestCase32 -->
        <test-method is-config="true" signature="tearDown()[pri:0, instance:com.sonarwallet.qa.testcases.ManageWalletTest@6c1a5b54]" started-at="2023-03-16T17:44:11 PKT" name="tearDown" finished-at="2023-03-16T17:44:11 PKT" duration-ms="353" status="PASS">
          <reporter-output>
          </reporter-output>
        </test-method> <!-- tearDown -->
        <test-method is-config="true" signature="setUp()[pri:0, instance:com.sonarwallet.qa.testcases.ManageWalletTest@6c1a5b54]" started-at="2023-03-16T17:44:11 PKT" name="setUp" finished-at="2023-03-16T17:44:30 PKT" duration-ms="18613" status="PASS">
          <reporter-output>
          </reporter-output>
        </test-method> <!-- setUp -->
        <test-method signature="TestCase33()[pri:1, instance:com.sonarwallet.qa.testcases.ManageWalletTest@6c1a5b54]" started-at="2023-03-16T17:44:30 PKT" name="TestCase33" description="Test Case Description: Reveal Accounts Private Key" finished-at="2023-03-16T17:44:33 PKT" duration-ms="2639" status="PASS">
          <reporter-output>
          </reporter-output>
        </test-method> <!-- TestCase33 -->
        <test-method is-config="true" signature="tearDown()[pri:0, instance:com.sonarwallet.qa.testcases.ManageWalletTest@6c1a5b54]" started-at="2023-03-16T17:44:33 PKT" name="tearDown" finished-at="2023-03-16T17:44:33 PKT" duration-ms="306" status="PASS">
          <reporter-output>
          </reporter-output>
        </test-method> <!-- tearDown -->
        <test-method is-config="true" signature="setUp()[pri:0, instance:com.sonarwallet.qa.testcases.ManageWalletTest@6c1a5b54]" started-at="2023-03-16T17:44:33 PKT" name="setUp" finished-at="2023-03-16T17:44:52 PKT" duration-ms="19131" status="PASS">
          <reporter-output>
          </reporter-output>
        </test-method> <!-- setUp -->
        <test-method signature="TestCase34()[pri:1, instance:com.sonarwallet.qa.testcases.ManageWalletTest@6c1a5b54]" started-at="2023-03-16T17:44:52 PKT" name="TestCase34" description="Test Case Description: Verify the working of Import an Account in Setting" finished-at="2023-03-16T17:45:00 PKT" duration-ms="7713" status="PASS">
          <reporter-output>
          </reporter-output>
        </test-method> <!-- TestCase34 -->
        <test-method is-config="true" signature="tearDown()[pri:0, instance:com.sonarwallet.qa.testcases.ManageWalletTest@6c1a5b54]" started-at="2023-03-16T17:45:00 PKT" name="tearDown" finished-at="2023-03-16T17:45:00 PKT" duration-ms="255" status="PASS">
          <reporter-output>
          </reporter-output>
        </test-method> <!-- tearDown -->
        <test-method is-config="true" signature="setUp()[pri:0, instance:com.sonarwallet.qa.testcases.ManageWalletTest@6c1a5b54]" started-at="2023-03-16T17:45:00 PKT" name="setUp" finished-at="2023-03-16T17:45:18 PKT" duration-ms="17685" status="PASS">
          <reporter-output>
          </reporter-output>
        </test-method> <!-- setUp -->
        <test-method signature="TestCase35()[pri:1, instance:com.sonarwallet.qa.testcases.ManageWalletTest@6c1a5b54]" started-at="2023-03-16T17:45:18 PKT" name="TestCase35" description="Test Case Description: Import Account in Setting" finished-at="2023-03-16T17:45:27 PKT" duration-ms="9781" status="PASS">
          <reporter-output>
          </reporter-output>
        </test-method> <!-- TestCase35 -->
        <test-method is-config="true" signature="tearDown()[pri:0, instance:com.sonarwallet.qa.testcases.ManageWalletTest@6c1a5b54]" started-at="2023-03-16T17:45:27 PKT" name="tearDown" finished-at="2023-03-16T17:45:28 PKT" duration-ms="257" status="PASS">
          <reporter-output>
          </reporter-output>
        </test-method> <!-- tearDown -->
        <test-method is-config="true" signature="setUp()[pri:0, instance:com.sonarwallet.qa.testcases.ManageWalletTest@6c1a5b54]" started-at="2023-03-16T17:45:28 PKT" name="setUp" finished-at="2023-03-16T17:45:46 PKT" duration-ms="18196" status="PASS">
          <reporter-output>
          </reporter-output>
        </test-method> <!-- setUp -->
        <test-method signature="TestCase36()[pri:1, instance:com.sonarwallet.qa.testcases.ManageWalletTest@6c1a5b54]" started-at="2023-03-16T17:45:46 PKT" name="TestCase36" description="Test Case Description: Create New Account Functionality" finished-at="2023-03-16T17:45:50 PKT" duration-ms="4033" status="PASS">
          <reporter-output>
          </reporter-output>
        </test-method> <!-- TestCase36 -->
        <test-method is-config="true" signature="tearDown()[pri:0, instance:com.sonarwallet.qa.testcases.ManageWalletTest@6c1a5b54]" started-at="2023-03-16T17:45:50 PKT" name="tearDown" finished-at="2023-03-16T17:45:50 PKT" duration-ms="432" status="PASS">
          <reporter-output>
          </reporter-output>
        </test-method> <!-- tearDown -->
        <test-method is-config="true" signature="setUp()[pri:0, instance:com.sonarwallet.qa.testcases.ManageWalletTest@6c1a5b54]" started-at="2023-03-16T17:45:50 PKT" name="setUp" finished-at="2023-03-16T17:46:11 PKT" duration-ms="20260" status="PASS">
          <reporter-output>
          </reporter-output>
        </test-method> <!-- setUp -->
        <test-method signature="TestCase37()[pri:1, instance:com.sonarwallet.qa.testcases.ManageWalletTest@6c1a5b54]" started-at="2023-03-16T17:46:11 PKT" name="TestCase37" description="Test Case Description: Import Wallet in Setting" finished-at="2023-03-16T17:46:16 PKT" duration-ms="5104" status="PASS">
          <reporter-output>
          </reporter-output>
        </test-method> <!-- TestCase37 -->
        <test-method is-config="true" signature="tearDown()[pri:0, instance:com.sonarwallet.qa.testcases.ManageWalletTest@6c1a5b54]" started-at="2023-03-16T17:46:16 PKT" name="tearDown" finished-at="2023-03-16T17:46:17 PKT" duration-ms="1505" status="PASS">
          <reporter-output>
          </reporter-output>
        </test-method> <!-- tearDown -->
      </class> <!-- com.sonarwallet.qa.testcases.ManageWalletTest -->
      <class name="com.sonarwallet.qa.testcases.ImportWalletTest">
        <test-method is-config="true" signature="setUp()[pri:0, instance:com.sonarwallet.qa.testcases.ImportWalletTest@1e0b4072]" started-at="2023-03-16T17:33:44 PKT" name="setUp" finished-at="2023-03-16T17:33:48 PKT" duration-ms="4012" status="PASS">
          <reporter-output>
          </reporter-output>
        </test-method> <!-- setUp -->
        <test-method signature="TestCase5()[pri:1, instance:com.sonarwallet.qa.testcases.ImportWalletTest@1e0b4072]" started-at="2023-03-16T17:33:48 PKT" name="TestCase5" description="Test Case Description: Import Wallet" finished-at="2023-03-16T17:34:01 PKT" duration-ms="12182" status="PASS">
          <reporter-output>
          </reporter-output>
        </test-method> <!-- TestCase5 -->
        <test-method is-config="true" signature="tearDown()[pri:0, instance:com.sonarwallet.qa.testcases.ImportWalletTest@1e0b4072]" started-at="2023-03-16T17:34:01 PKT" name="tearDown" finished-at="2023-03-16T17:34:01 PKT" duration-ms="532" status="PASS">
          <reporter-output>
          </reporter-output>
        </test-method> <!-- tearDown -->
        <test-method is-config="true" signature="setUp()[pri:0, instance:com.sonarwallet.qa.testcases.ImportWalletTest@1e0b4072]" started-at="2023-03-16T17:34:01 PKT" name="setUp" finished-at="2023-03-16T17:34:05 PKT" duration-ms="4100" status="PASS">
          <reporter-output>
          </reporter-output>
        </test-method> <!-- setUp -->
        <test-method signature="TestCase6()[pri:1, instance:com.sonarwallet.qa.testcases.ImportWalletTest@1e0b4072]" started-at="2023-03-16T17:34:05 PKT" name="TestCase6" description="Test Case Description: Import Wallet with Wrong seed phrase" finished-at="2023-03-16T17:34:14 PKT" duration-ms="8471" status="PASS">
          <reporter-output>
          </reporter-output>
        </test-method> <!-- TestCase6 -->
        <test-method is-config="true" signature="tearDown()[pri:0, instance:com.sonarwallet.qa.testcases.ImportWalletTest@1e0b4072]" started-at="2023-03-16T17:34:14 PKT" name="tearDown" finished-at="2023-03-16T17:34:14 PKT" duration-ms="372" status="PASS">
          <reporter-output>
          </reporter-output>
        </test-method> <!-- tearDown -->
      </class> <!-- com.sonarwallet.qa.testcases.ImportWalletTest -->
      <class name="com.sonarwallet.qa.testcases.CreateNewWalletTest">
        <test-method is-config="true" signature="setUp()[pri:0, instance:com.sonarwallet.qa.testcases.CreateNewWalletTest@6574a52c]" started-at="2023-03-16T17:39:56 PKT" name="setUp" finished-at="2023-03-16T17:40:18 PKT" duration-ms="22160" status="PASS">
          <reporter-output>
          </reporter-output>
        </test-method> <!-- setUp -->
        <test-method retried="true" signature="CreateNewWalletHappyFlow()[pri:1, instance:com.sonarwallet.qa.testcases.CreateNewWalletTest@6574a52c]" started-at="2023-03-16T17:40:18 PKT" name="CreateNewWalletHappyFlow" finished-at="2023-03-16T17:41:27 PKT" duration-ms="68366" status="SKIP">
          <exception class="org.openqa.selenium.NoSuchElementException">
            <message>
              <![CDATA[no such element: Unable to locate element: {"method":"xpath","selector":"//div[ contains (text(),'New Wallet')]"}
  (Session info: chrome=111.0.5563.65)
For documentation on this error, please visit: https://selenium.dev/exceptions/#no_such_element
Build info: version: '4.7.1', revision: 'c6795baf1a3'
System info: os.name: 'Windows 10', os.arch: 'amd64', os.version: '10.0', java.version: '17.0.5'
Driver info: org.openqa.selenium.chrome.ChromeDriver
Command: [96f6a79133e7512c578badd402121643, findElement {using=xpath, value=//div[ contains (text(),'New Wallet')]}]
Capabilities {acceptInsecureCerts: false, browserName: chrome, browserVersion: 111.0.5563.65, chrome: {chromedriverVersion: 111.0.5563.64 (c710e93d5b63..., userDataDir: C:\Users\COREI-~1\AppData\L...}, goog:chromeOptions: {debuggerAddress: localhost:61901}, networkConnectionEnabled: false, pageLoadStrategy: normal, platformName: WINDOWS, proxy: Proxy(), se:cdp: ws://localhost:61901/devtoo..., se:cdpVersion: 111.0.5563.65, setWindowRect: true, strictFileInteractability: false, timeouts: {implicit: 0, pageLoad: 300000, script: 30000}, unhandledPromptBehavior: dismiss and notify, webauthn:extension:credBlob: true, webauthn:extension:largeBlob: true, webauthn:extension:minPinLength: true, webauthn:extension:prf: true, webauthn:virtualAuthenticators: true}
Session ID: 96f6a79133e7512c578badd402121643]]>
            </message>
            <full-stacktrace>
              <![CDATA[org.openqa.selenium.NoSuchElementException: no such element: Unable to locate element: {"method":"xpath","selector":"//div[ contains (text(),'New Wallet')]"}
  (Session info: chrome=111.0.5563.65)
For documentation on this error, please visit: https://selenium.dev/exceptions/#no_such_element
Build info: version: '4.7.1', revision: 'c6795baf1a3'
System info: os.name: 'Windows 10', os.arch: 'amd64', os.version: '10.0', java.version: '17.0.5'
Driver info: org.openqa.selenium.chrome.ChromeDriver
Command: [96f6a79133e7512c578badd402121643, findElement {using=xpath, value=//div[ contains (text(),'New Wallet')]}]
Capabilities {acceptInsecureCerts: false, browserName: chrome, browserVersion: 111.0.5563.65, chrome: {chromedriverVersion: 111.0.5563.64 (c710e93d5b63..., userDataDir: C:\Users\COREI-~1\AppData\L...}, goog:chromeOptions: {debuggerAddress: localhost:61901}, networkConnectionEnabled: false, pageLoadStrategy: normal, platformName: WINDOWS, proxy: Proxy(), se:cdp: ws://localhost:61901/devtoo..., se:cdpVersion: 111.0.5563.65, setWindowRect: true, strictFileInteractability: false, timeouts: {implicit: 0, pageLoad: 300000, script: 30000}, unhandledPromptBehavior: dismiss and notify, webauthn:extension:credBlob: true, webauthn:extension:largeBlob: true, webauthn:extension:minPinLength: true, webauthn:extension:prf: true, webauthn:virtualAuthenticators: true}
Session ID: 96f6a79133e7512c578badd402121643
at java.base/jdk.internal.reflect.NativeConstructorAccessorImpl.newInstance0(Native Method)
at java.base/jdk.internal.reflect.NativeConstructorAccessorImpl.newInstance(NativeConstructorAccessorImpl.java:77)
at java.base/jdk.internal.reflect.DelegatingConstructorAccessorImpl.newInstance(DelegatingConstructorAccessorImpl.java:45)
at java.base/java.lang.reflect.Constructor.newInstanceWithCaller(Constructor.java:499)
at java.base/java.lang.reflect.Constructor.newInstance(Constructor.java:480)
at org.openqa.selenium.remote.codec.w3c.W3CHttpResponseCodec.createException(W3CHttpResponseCodec.java:200)
at org.openqa.selenium.remote.codec.w3c.W3CHttpResponseCodec.decode(W3CHttpResponseCodec.java:133)
at org.openqa.selenium.remote.codec.w3c.W3CHttpResponseCodec.decode(W3CHttpResponseCodec.java:53)
at org.openqa.selenium.remote.HttpCommandExecutor.execute(HttpCommandExecutor.java:184)
at org.openqa.selenium.remote.service.DriverCommandExecutor.invokeExecute(DriverCommandExecutor.java:167)
at org.openqa.selenium.remote.service.DriverCommandExecutor.execute(DriverCommandExecutor.java:142)
at org.openqa.selenium.remote.RemoteWebDriver.execute(RemoteWebDriver.java:551)
at org.openqa.selenium.remote.ElementLocation$ElementFinder$2.findElement(ElementLocation.java:162)
at org.openqa.selenium.remote.ElementLocation.findElement(ElementLocation.java:60)
at org.openqa.selenium.remote.RemoteWebDriver.findElement(RemoteWebDriver.java:367)
at org.openqa.selenium.remote.RemoteWebDriver.findElement(RemoteWebDriver.java:359)
at jdk.internal.reflect.GeneratedMethodAccessor4.invoke(Unknown Source)
at java.base/jdk.internal.reflect.DelegatingMethodAccessorImpl.invoke(DelegatingMethodAccessorImpl.java:43)
at java.base/java.lang.reflect.Method.invoke(Method.java:568)
at org.openqa.selenium.support.events.EventFiringWebDriver.lambda$new$1(EventFiringWebDriver.java:106)
at jdk.proxy2/jdk.proxy2.$Proxy14.findElement(Unknown Source)
at org.openqa.selenium.support.events.EventFiringWebDriver.findElement(EventFiringWebDriver.java:195)
at com.sonarwallet.qa.testcases.CreateNewWalletTest.CreateNewWalletHappyFlow(CreateNewWalletTest.java:57)
at java.base/jdk.internal.reflect.NativeMethodAccessorImpl.invoke0(Native Method)
at java.base/jdk.internal.reflect.NativeMethodAccessorImpl.invoke(NativeMethodAccessorImpl.java:77)
at java.base/jdk.internal.reflect.DelegatingMethodAccessorImpl.invoke(DelegatingMethodAccessorImpl.java:43)
at java.base/java.lang.reflect.Method.invoke(Method.java:568)
at org.testng.internal.MethodInvocationHelper.invokeMethod(MethodInvocationHelper.java:133)
at org.testng.internal.TestInvoker.invokeMethod(TestInvoker.java:598)
at org.testng.internal.TestInvoker.invokeTestMethod(TestInvoker.java:173)
at org.testng.internal.MethodRunner.runInSequence(MethodRunner.java:46)
at org.testng.internal.TestInvoker$MethodInvocationAgent.invoke(TestInvoker.java:824)
at org.testng.internal.TestInvoker.invokeTestMethods(TestInvoker.java:146)
at org.testng.internal.TestMethodWorker.invokeTestMethods(TestMethodWorker.java:146)
at org.testng.internal.TestMethodWorker.run(TestMethodWorker.java:128)
at java.base/java.util.ArrayList.forEach(ArrayList.java:1511)
at org.testng.TestRunner.privateRun(TestRunner.java:794)
at org.testng.TestRunner.run(TestRunner.java:596)
at org.testng.SuiteRunner.runTest(SuiteRunner.java:377)
at org.testng.SuiteRunner.runSequentially(SuiteRunner.java:371)
at org.testng.SuiteRunner.privateRun(SuiteRunner.java:332)
at org.testng.SuiteRunner.run(SuiteRunner.java:276)
at org.testng.SuiteRunnerWorker.runSuite(SuiteRunnerWorker.java:53)
at org.testng.SuiteRunnerWorker.run(SuiteRunnerWorker.java:96)
at org.testng.TestNG.runSuitesSequentially(TestNG.java:1212)
at org.testng.TestNG.runSuitesLocally(TestNG.java:1134)
at org.testng.TestNG.runSuites(TestNG.java:1063)
at org.testng.TestNG.run(TestNG.java:1031)
at org.testng.remote.AbstractRemoteTestNG.run(AbstractRemoteTestNG.java:115)
at org.testng.remote.RemoteTestNG.initAndRun(RemoteTestNG.java:251)
at org.testng.remote.RemoteTestNG.main(RemoteTestNG.java:77)
]]>
            </full-stacktrace>
          </exception> <!-- org.openqa.selenium.NoSuchElementException -->
          <reporter-output>
          </reporter-output>
        </test-method> <!-- CreateNewWalletHappyFlow -->
        <test-method is-config="true" signature="tearDown()[pri:0, instance:com.sonarwallet.qa.testcases.CreateNewWalletTest@6574a52c]" started-at="2023-03-16T17:41:27 PKT" name="tearDown" finished-at="2023-03-16T17:41:27 PKT" duration-ms="351" status="PASS">
          <reporter-output>
          </reporter-output>
        </test-method> <!-- tearDown -->
        <test-method is-config="true" signature="setUp()[pri:0, instance:com.sonarwallet.qa.testcases.CreateNewWalletTest@6574a52c]" started-at="2023-03-16T17:41:27 PKT" name="setUp" finished-at="2023-03-16T17:41:49 PKT" duration-ms="22142" status="PASS">
          <reporter-output>
          </reporter-output>
        </test-method> <!-- setUp -->
        <test-method signature="CreateNewWalletHappyFlow()[pri:1, instance:com.sonarwallet.qa.testcases.CreateNewWalletTest@6574a52c]" started-at="2023-03-16T17:41:49 PKT" name="CreateNewWalletHappyFlow" finished-at="2023-03-16T17:41:57 PKT" duration-ms="7961" status="PASS">
          <reporter-output>
          </reporter-output>
        </test-method> <!-- CreateNewWalletHappyFlow -->
        <test-method is-config="true" signature="tearDown()[pri:0, instance:com.sonarwallet.qa.testcases.CreateNewWalletTest@6574a52c]" started-at="2023-03-16T17:41:57 PKT" name="tearDown" finished-at="2023-03-16T17:41:57 PKT" duration-ms="383" status="PASS">
          <reporter-output>
          </reporter-output>
        </test-method> <!-- tearDown -->
        <test-method is-config="true" signature="setUp()[pri:0, instance:com.sonarwallet.qa.testcases.CreateNewWalletTest@6574a52c]" started-at="2023-03-16T17:41:57 PKT" name="setUp" finished-at="2023-03-16T17:42:20 PKT" duration-ms="22621" status="PASS">
          <reporter-output>
          </reporter-output>
        </test-method> <!-- setUp -->
        <test-method signature="TestCase38()[pri:1, instance:com.sonarwallet.qa.testcases.CreateNewWalletTest@6574a52c]" started-at="2023-03-16T17:42:20 PKT" name="TestCase38" description="Test Case Description: Create new Wallet in Setting" finished-at="2023-03-16T17:42:29 PKT" duration-ms="9090" status="PASS">
          <reporter-output>
          </reporter-output>
        </test-method> <!-- TestCase38 -->
        <test-method is-config="true" signature="tearDown()[pri:0, instance:com.sonarwallet.qa.testcases.CreateNewWalletTest@6574a52c]" started-at="2023-03-16T17:42:29 PKT" name="tearDown" finished-at="2023-03-16T17:42:29 PKT" duration-ms="355" status="PASS">
          <reporter-output>
          </reporter-output>
        </test-method> <!-- tearDown -->
      </class> <!-- com.sonarwallet.qa.testcases.CreateNewWalletTest -->
      <class name="com.sonarwallet.qa.testcases.SendTest">
        <test-method is-config="true" signature="setUp()[pri:0, instance:com.sonarwallet.qa.testcases.SendTest@4dbb42b7]" started-at="2023-03-16T17:07:00 PKT" name="setUp" finished-at="2023-03-16T17:07:44 PKT" duration-ms="43799" status="PASS">
          <reporter-output>
          </reporter-output>
        </test-method> <!-- setUp -->
        <test-method signature="TestCase18()[pri:1, instance:com.sonarwallet.qa.testcases.SendTest@4dbb42b7]" started-at="2023-03-16T17:07:44 PKT" name="TestCase18" description="Test Case Description: Select token screen functionality for send" finished-at="2023-03-16T17:07:49 PKT" duration-ms="5708" status="PASS">
          <reporter-output>
          </reporter-output>
        </test-method> <!-- TestCase18 -->
        <test-method is-config="true" signature="tearDown()[pri:0, instance:com.sonarwallet.qa.testcases.SendTest@4dbb42b7]" started-at="2023-03-16T17:07:49 PKT" name="tearDown" finished-at="2023-03-16T17:07:50 PKT" duration-ms="260" status="PASS">
          <reporter-output>
          </reporter-output>
        </test-method> <!-- tearDown -->
        <test-method is-config="true" signature="setUp()[pri:0, instance:com.sonarwallet.qa.testcases.SendTest@4dbb42b7]" started-at="2023-03-16T17:07:50 PKT" name="setUp" finished-at="2023-03-16T17:08:27 PKT" duration-ms="36925" status="PASS">
          <reporter-output>
          </reporter-output>
        </test-method> <!-- setUp -->
        <test-method signature="TestCase19()[pri:1, instance:com.sonarwallet.qa.testcases.SendTest@4dbb42b7]" started-at="2023-03-16T17:08:27 PKT" name="TestCase19" description="Test Case Description: Select recipient/addres functionality for send" finished-at="2023-03-16T17:08:47 PKT" duration-ms="20098" status="PASS">
          <reporter-output>
          </reporter-output>
        </test-method> <!-- TestCase19 -->
        <test-method is-config="true" signature="tearDown()[pri:0, instance:com.sonarwallet.qa.testcases.SendTest@4dbb42b7]" started-at="2023-03-16T17:08:47 PKT" name="tearDown" finished-at="2023-03-16T17:08:47 PKT" duration-ms="315" status="PASS">
          <reporter-output>
          </reporter-output>
        </test-method> <!-- tearDown -->
        <test-method is-config="true" signature="setUp()[pri:0, instance:com.sonarwallet.qa.testcases.SendTest@4dbb42b7]" started-at="2023-03-16T17:08:47 PKT" name="setUp" finished-at="2023-03-16T17:09:24 PKT" duration-ms="37373" status="PASS">
          <reporter-output>
          </reporter-output>
        </test-method> <!-- setUp -->
        <test-method signature="TestCase39()[pri:1, instance:com.sonarwallet.qa.testcases.SendTest@4dbb42b7]" started-at="2023-03-16T17:09:24 PKT" name="TestCase39" description="Test Case Description: Address book in Setting" finished-at="2023-03-16T17:09:30 PKT" duration-ms="5754" status="PASS">
          <reporter-output>
          </reporter-output>
        </test-method> <!-- TestCase39 -->
        <test-method is-config="true" signature="tearDown()[pri:0, instance:com.sonarwallet.qa.testcases.SendTest@4dbb42b7]" started-at="2023-03-16T17:09:30 PKT" name="tearDown" finished-at="2023-03-16T17:09:31 PKT" duration-ms="748" status="PASS">
          <reporter-output>
          </reporter-output>
        </test-method> <!-- tearDown -->
        <test-method is-config="true" signature="setUp()[pri:0, instance:com.sonarwallet.qa.testcases.SendTest@4dbb42b7]" started-at="2023-03-16T17:09:31 PKT" name="setUp" finished-at="2023-03-16T17:10:10 PKT" duration-ms="38641" status="PASS">
          <reporter-output>
          </reporter-output>
        </test-method> <!-- setUp -->
        <test-method signature="TestCase40()[pri:1, instance:com.sonarwallet.qa.testcases.SendTest@4dbb42b7]" started-at="2023-03-16T17:10:10 PKT" name="TestCase40" description="Test Case Description: Edit contact modal" finished-at="2023-03-16T17:10:18 PKT" duration-ms="8471" status="PASS">
          <reporter-output>
          </reporter-output>
        </test-method> <!-- TestCase40 -->
        <test-method is-config="true" signature="tearDown()[pri:0, instance:com.sonarwallet.qa.testcases.SendTest@4dbb42b7]" started-at="2023-03-16T17:10:18 PKT" name="tearDown" finished-at="2023-03-16T17:10:19 PKT" duration-ms="657" status="PASS">
          <reporter-output>
          </reporter-output>
        </test-method> <!-- tearDown -->
      </class> <!-- com.sonarwallet.qa.testcases.SendTest -->
      <class name="com.sonarwallet.qa.testcases.SettingTest">
        <test-method is-config="true" signature="setUp()[pri:0, instance:com.sonarwallet.qa.testcases.SettingTest@38cee291]" started-at="2023-03-16T17:35:29 PKT" name="setUp" finished-at="2023-03-16T17:35:47 PKT" duration-ms="17981" status="PASS">
          <reporter-output>
          </reporter-output>
        </test-method> <!-- setUp -->
        <test-method signature="TestCase27()[pri:1, instance:com.sonarwallet.qa.testcases.SettingTest@38cee291]" started-at="2023-03-16T17:35:47 PKT" name="TestCase27" description="Test Case Description:Verify the items on Setting Screen View" finished-at="2023-03-16T17:35:48 PKT" duration-ms="478" status="PASS">
          <reporter-output>
          </reporter-output>
        </test-method> <!-- TestCase27 -->
        <test-method is-config="true" signature="tearDown()[pri:0, instance:com.sonarwallet.qa.testcases.SettingTest@38cee291]" started-at="2023-03-16T17:35:48 PKT" name="tearDown" finished-at="2023-03-16T17:35:48 PKT" duration-ms="229" status="PASS">
          <reporter-output>
          </reporter-output>
        </test-method> <!-- tearDown -->
      </class> <!-- com.sonarwallet.qa.testcases.SettingTest -->
      <class name="com.sonarwallet.qa.testcases.DirectSendTest">
        <test-method is-config="true" signature="setUp()[pri:0, instance:com.sonarwallet.qa.testcases.DirectSendTest@4a883b15]" started-at="2023-03-16T17:10:19 PKT" name="setUp" finished-at="2023-03-16T17:10:53 PKT" duration-ms="34615" status="PASS">
          <reporter-output>
          </reporter-output>
        </test-method> <!-- setUp -->
        <test-method signature="TestCase11()[pri:1, instance:com.sonarwallet.qa.testcases.DirectSendTest@4a883b15]" started-at="2023-03-16T17:10:53 PKT" name="TestCase11" description="Test Case Description: Token Detail View" finished-at="2023-03-16T17:11:14 PKT" duration-ms="21094" status="PASS">
          <reporter-output>
          </reporter-output>
        </test-method> <!-- TestCase11 -->
        <test-method is-config="true" signature="tearDown()[pri:0, instance:com.sonarwallet.qa.testcases.DirectSendTest@4a883b15]" started-at="2023-03-16T17:11:14 PKT" name="tearDown" finished-at="2023-03-16T17:11:15 PKT" duration-ms="315" status="PASS">
          <reporter-output>
          </reporter-output>
        </test-method> <!-- tearDown -->
        <test-method is-config="true" signature="setUp()[pri:0, instance:com.sonarwallet.qa.testcases.DirectSendTest@4a883b15]" started-at="2023-03-16T17:11:15 PKT" name="setUp" finished-at="2023-03-16T17:11:43 PKT" duration-ms="27882" status="PASS">
          <reporter-output>
          </reporter-output>
        </test-method> <!-- setUp -->
        <test-method signature="TestCase20_1()[pri:1, instance:com.sonarwallet.qa.testcases.DirectSendTest@4a883b15]" started-at="2023-03-16T17:11:43 PKT" name="TestCase20_1" description="Test Case Description: Confirm transaction functionality for send(BNB Native Token)" finished-at="2023-03-16T17:12:52 PKT" duration-ms="69427" status="PASS">
          <reporter-output>
          </reporter-output>
        </test-method> <!-- TestCase20_1 -->
        <test-method is-config="true" signature="tearDown()[pri:0, instance:com.sonarwallet.qa.testcases.DirectSendTest@4a883b15]" started-at="2023-03-16T17:12:52 PKT" name="tearDown" finished-at="2023-03-16T17:12:52 PKT" duration-ms="250" status="PASS">
          <reporter-output>
          </reporter-output>
        </test-method> <!-- tearDown -->
        <test-method is-config="true" signature="setUp()[pri:0, instance:com.sonarwallet.qa.testcases.DirectSendTest@4a883b15]" started-at="2023-03-16T17:12:52 PKT" name="setUp" finished-at="2023-03-16T17:13:15 PKT" duration-ms="22810" status="PASS">
          <reporter-output>
          </reporter-output>
        </test-method> <!-- setUp -->
        <test-method signature="TestCase20_10()[pri:1, instance:com.sonarwallet.qa.testcases.DirectSendTest@4a883b15]" started-at="2023-03-16T17:13:15 PKT" name="TestCase20_10" description="Test Case Description: Confirm transaction functionality for send(Cronos Non Native Token)" finished-at="2023-03-16T17:14:13 PKT" duration-ms="58029" status="PASS">
          <reporter-output>
          </reporter-output>
        </test-method> <!-- TestCase20_10 -->
        <test-method is-config="true" signature="tearDown()[pri:0, instance:com.sonarwallet.qa.testcases.DirectSendTest@4a883b15]" started-at="2023-03-16T17:14:13 PKT" name="tearDown" finished-at="2023-03-16T17:14:13 PKT" duration-ms="317" status="PASS">
          <reporter-output>
          </reporter-output>
        </test-method> <!-- tearDown -->
        <test-method is-config="true" signature="setUp()[pri:0, instance:com.sonarwallet.qa.testcases.DirectSendTest@4a883b15]" started-at="2023-03-16T17:14:13 PKT" name="setUp" finished-at="2023-03-16T17:14:38 PKT" duration-ms="24647" status="PASS">
          <reporter-output>
          </reporter-output>
        </test-method> <!-- setUp -->
        <test-method signature="TestCase20_11()[pri:1, instance:com.sonarwallet.qa.testcases.DirectSendTest@4a883b15]" started-at="2023-03-16T17:14:38 PKT" name="TestCase20_11" description="Test Case Description: Confirm transaction functionality for send(Fantom Native Token)" finished-at="2023-03-16T17:15:24 PKT" duration-ms="46012" status="PASS">
          <reporter-output>
          </reporter-output>
        </test-method> <!-- TestCase20_11 -->
        <test-method is-config="true" signature="tearDown()[pri:0, instance:com.sonarwallet.qa.testcases.DirectSendTest@4a883b15]" started-at="2023-03-16T17:15:24 PKT" name="tearDown" finished-at="2023-03-16T17:15:24 PKT" duration-ms="374" status="PASS">
          <reporter-output>
          </reporter-output>
        </test-method> <!-- tearDown -->
        <test-method is-config="true" signature="setUp()[pri:0, instance:com.sonarwallet.qa.testcases.DirectSendTest@4a883b15]" started-at="2023-03-16T17:15:24 PKT" name="setUp" finished-at="2023-03-16T17:15:48 PKT" duration-ms="23331" status="PASS">
          <reporter-output>
          </reporter-output>
        </test-method> <!-- setUp -->
        <test-method signature="TestCase20_12()[pri:1, instance:com.sonarwallet.qa.testcases.DirectSendTest@4a883b15]" started-at="2023-03-16T17:15:48 PKT" name="TestCase20_12" description="Test Case Description: Confirm transaction functionality for send(Fantom Non Native Token)" finished-at="2023-03-16T17:16:45 PKT" duration-ms="57265" status="PASS">
          <reporter-output>
          </reporter-output>
        </test-method> <!-- TestCase20_12 -->
        <test-method is-config="true" signature="tearDown()[pri:0, instance:com.sonarwallet.qa.testcases.DirectSendTest@4a883b15]" started-at="2023-03-16T17:16:45 PKT" name="tearDown" finished-at="2023-03-16T17:16:45 PKT" duration-ms="313" status="PASS">
          <reporter-output>
          </reporter-output>
        </test-method> <!-- tearDown -->
        <test-method is-config="true" signature="setUp()[pri:0, instance:com.sonarwallet.qa.testcases.DirectSendTest@4a883b15]" started-at="2023-03-16T17:16:45 PKT" name="setUp" finished-at="2023-03-16T17:17:08 PKT" duration-ms="22420" status="PASS">
          <reporter-output>
          </reporter-output>
        </test-method> <!-- setUp -->
        <test-method signature="TestCase20_2()[pri:1, instance:com.sonarwallet.qa.testcases.DirectSendTest@4a883b15]" started-at="2023-03-16T17:17:08 PKT" name="TestCase20_2" description="Test Case Description: Confirm transaction functionality for send(BNB Non Native Token)" finished-at="2023-03-16T17:18:39 PKT" duration-ms="91658" status="PASS">
          <reporter-output>
          </reporter-output>
        </test-method> <!-- TestCase20_2 -->
        <test-method is-config="true" signature="tearDown()[pri:0, instance:com.sonarwallet.qa.testcases.DirectSendTest@4a883b15]" started-at="2023-03-16T17:18:39 PKT" name="tearDown" finished-at="2023-03-16T17:18:40 PKT" duration-ms="307" status="PASS">
          <reporter-output>
          </reporter-output>
        </test-method> <!-- tearDown -->
        <test-method is-config="true" signature="setUp()[pri:0, instance:com.sonarwallet.qa.testcases.DirectSendTest@4a883b15]" started-at="2023-03-16T17:18:40 PKT" name="setUp" finished-at="2023-03-16T17:19:02 PKT" duration-ms="21768" status="PASS">
          <reporter-output>
          </reporter-output>
        </test-method> <!-- setUp -->
        <test-method signature="TestCase20_3()[pri:1, instance:com.sonarwallet.qa.testcases.DirectSendTest@4a883b15]" started-at="2023-03-16T17:19:02 PKT" name="TestCase20_3" description="Test Case Description: Confirm transaction functionality for send(ETH Native Token)" finished-at="2023-03-16T17:20:18 PKT" duration-ms="76450" status="PASS">
          <reporter-output>
          </reporter-output>
        </test-method> <!-- TestCase20_3 -->
        <test-method is-config="true" signature="tearDown()[pri:0, instance:com.sonarwallet.qa.testcases.DirectSendTest@4a883b15]" started-at="2023-03-16T17:20:18 PKT" name="tearDown" finished-at="2023-03-16T17:20:18 PKT" duration-ms="363" status="PASS">
          <reporter-output>
          </reporter-output>
        </test-method> <!-- tearDown -->
        <test-method is-config="true" signature="setUp()[pri:0, instance:com.sonarwallet.qa.testcases.DirectSendTest@4a883b15]" started-at="2023-03-16T17:20:18 PKT" name="setUp" finished-at="2023-03-16T17:20:43 PKT" duration-ms="24345" status="PASS">
          <reporter-output>
          </reporter-output>
        </test-method> <!-- setUp -->
        <test-method signature="TestCase20_4()[pri:1, instance:com.sonarwallet.qa.testcases.DirectSendTest@4a883b15]" started-at="2023-03-16T17:20:43 PKT" name="TestCase20_4" description="Test Case Description: Confirm transaction functionality for send(ETH Non Native Token)" finished-at="2023-03-16T17:23:24 PKT" duration-ms="161269" status="PASS">
          <reporter-output>
          </reporter-output>
        </test-method> <!-- TestCase20_4 -->
        <test-method is-config="true" signature="tearDown()[pri:0, instance:com.sonarwallet.qa.testcases.DirectSendTest@4a883b15]" started-at="2023-03-16T17:23:24 PKT" name="tearDown" finished-at="2023-03-16T17:23:24 PKT" duration-ms="369" status="PASS">
          <reporter-output>
          </reporter-output>
        </test-method> <!-- tearDown -->
        <test-method is-config="true" signature="setUp()[pri:0, instance:com.sonarwallet.qa.testcases.DirectSendTest@4a883b15]" started-at="2023-03-16T17:23:24 PKT" name="setUp" finished-at="2023-03-16T17:23:47 PKT" duration-ms="22927" status="PASS">
          <reporter-output>
          </reporter-output>
        </test-method> <!-- setUp -->
        <test-method signature="TestCase20_5()[pri:1, instance:com.sonarwallet.qa.testcases.DirectSendTest@4a883b15]" started-at="2023-03-16T17:23:47 PKT" name="TestCase20_5" description="Test Case Description: Confirm transaction functionality for send(Polygon Native Token)" finished-at="2023-03-16T17:25:05 PKT" duration-ms="77954" status="PASS">
          <reporter-output>
          </reporter-output>
        </test-method> <!-- TestCase20_5 -->
        <test-method is-config="true" signature="tearDown()[pri:0, instance:com.sonarwallet.qa.testcases.DirectSendTest@4a883b15]" started-at="2023-03-16T17:25:05 PKT" name="tearDown" finished-at="2023-03-16T17:25:06 PKT" duration-ms="443" status="PASS">
          <reporter-output>
          </reporter-output>
        </test-method> <!-- tearDown -->
        <test-method is-config="true" signature="setUp()[pri:0, instance:com.sonarwallet.qa.testcases.DirectSendTest@4a883b15]" started-at="2023-03-16T17:25:06 PKT" name="setUp" finished-at="2023-03-16T17:25:29 PKT" duration-ms="23828" status="PASS">
          <reporter-output>
          </reporter-output>
        </test-method> <!-- setUp -->
        <test-method signature="TestCase20_6()[pri:1, instance:com.sonarwallet.qa.testcases.DirectSendTest@4a883b15]" started-at="2023-03-16T17:25:29 PKT" name="TestCase20_6" description="Test Case Description: Confirm transaction functionality for send(Polygon Non Native Token)" finished-at="2023-03-16T17:26:45 PKT" duration-ms="75662" status="PASS">
          <reporter-output>
          </reporter-output>
        </test-method> <!-- TestCase20_6 -->
        <test-method is-config="true" signature="tearDown()[pri:0, instance:com.sonarwallet.qa.testcases.DirectSendTest@4a883b15]" started-at="2023-03-16T17:26:45 PKT" name="tearDown" finished-at="2023-03-16T17:26:46 PKT" duration-ms="437" status="PASS">
          <reporter-output>
          </reporter-output>
        </test-method> <!-- tearDown -->
        <test-method is-config="true" signature="setUp()[pri:0, instance:com.sonarwallet.qa.testcases.DirectSendTest@4a883b15]" started-at="2023-03-16T17:26:46 PKT" name="setUp" finished-at="2023-03-16T17:27:08 PKT" duration-ms="22423" status="PASS">
          <reporter-output>
          </reporter-output>
        </test-method> <!-- setUp -->
        <test-method signature="TestCase20_7()[pri:1, instance:com.sonarwallet.qa.testcases.DirectSendTest@4a883b15]" started-at="2023-03-16T17:27:08 PKT" name="TestCase20_7" description="Test Case Description: Confirm transaction functionality for send(Avalanche Native Token)" finished-at="2023-03-16T17:27:52 PKT" duration-ms="43738" status="PASS">
          <reporter-output>
          </reporter-output>
        </test-method> <!-- TestCase20_7 -->
        <test-method is-config="true" signature="tearDown()[pri:0, instance:com.sonarwallet.qa.testcases.DirectSendTest@4a883b15]" started-at="2023-03-16T17:27:52 PKT" name="tearDown" finished-at="2023-03-16T17:27:52 PKT" duration-ms="355" status="PASS">
          <reporter-output>
          </reporter-output>
        </test-method> <!-- tearDown -->
        <test-method is-config="true" signature="setUp()[pri:0, instance:com.sonarwallet.qa.testcases.DirectSendTest@4a883b15]" started-at="2023-03-16T17:27:52 PKT" name="setUp" finished-at="2023-03-16T17:28:16 PKT" duration-ms="23410" status="PASS">
          <reporter-output>
          </reporter-output>
        </test-method> <!-- setUp -->
        <test-method signature="TestCase20_8()[pri:1, instance:com.sonarwallet.qa.testcases.DirectSendTest@4a883b15]" started-at="2023-03-16T17:28:16 PKT" name="TestCase20_8" description="Test Case Description: Confirm transaction functionality for send(Avalanche Non Native Token)" finished-at="2023-03-16T17:29:11 PKT" duration-ms="55269" status="PASS">
          <reporter-output>
          </reporter-output>
        </test-method> <!-- TestCase20_8 -->
        <test-method is-config="true" signature="tearDown()[pri:0, instance:com.sonarwallet.qa.testcases.DirectSendTest@4a883b15]" started-at="2023-03-16T17:29:11 PKT" name="tearDown" finished-at="2023-03-16T17:29:11 PKT" duration-ms="360" status="PASS">
          <reporter-output>
          </reporter-output>
        </test-method> <!-- tearDown -->
        <test-method is-config="true" signature="setUp()[pri:0, instance:com.sonarwallet.qa.testcases.DirectSendTest@4a883b15]" started-at="2023-03-16T17:29:11 PKT" name="setUp" finished-at="2023-03-16T17:29:35 PKT" duration-ms="24006" status="PASS">
          <reporter-output>
          </reporter-output>
        </test-method> <!-- setUp -->
        <test-method signature="TestCase20_9()[pri:1, instance:com.sonarwallet.qa.testcases.DirectSendTest@4a883b15]" started-at="2023-03-16T17:29:35 PKT" name="TestCase20_9" description="Test Case Description: Confirm transaction functionality for send(Cronos Native Token)" finished-at="2023-03-16T17:30:18 PKT" duration-ms="42945" status="PASS">
          <reporter-output>
          </reporter-output>
        </test-method> <!-- TestCase20_9 -->
        <test-method is-config="true" signature="tearDown()[pri:0, instance:com.sonarwallet.qa.testcases.DirectSendTest@4a883b15]" started-at="2023-03-16T17:30:18 PKT" name="tearDown" finished-at="2023-03-16T17:30:18 PKT" duration-ms="403" status="PASS">
          <reporter-output>
          </reporter-output>
        </test-method> <!-- tearDown -->
        <test-method is-config="true" signature="setUp()[pri:0, instance:com.sonarwallet.qa.testcases.DirectSendTest@4a883b15]" started-at="2023-03-16T17:30:18 PKT" name="setUp" finished-at="2023-03-16T17:30:41 PKT" duration-ms="22253" status="PASS">
          <reporter-output>
          </reporter-output>
        </test-method> <!-- setUp -->
        <test-method signature="TestCase21()[pri:1, instance:com.sonarwallet.qa.testcases.DirectSendTest@4a883b15]" started-at="2023-03-16T17:30:41 PKT" name="TestCase21" description="Test Case Description: Edit / Custom gas fee functionality" finished-at="2023-03-16T17:31:22 PKT" duration-ms="41586" status="PASS">
          <reporter-output>
          </reporter-output>
        </test-method> <!-- TestCase21 -->
        <test-method is-config="true" signature="tearDown()[pri:0, instance:com.sonarwallet.qa.testcases.DirectSendTest@4a883b15]" started-at="2023-03-16T17:31:22 PKT" name="tearDown" finished-at="2023-03-16T17:31:23 PKT" duration-ms="344" status="PASS">
          <reporter-output>
          </reporter-output>
        </test-method> <!-- tearDown -->
      </class> <!-- com.sonarwallet.qa.testcases.DirectSendTest -->
    </test> <!-- Sonar Wallet Test Cases -->
  </suite> <!-- Sonar Wallet Test Automation Test Suite -->
</testng-results>
